#
# There is insufficient memory for the Java Runtime Environment to continue.
# Native memory allocation (mmap) failed to map 48234496 bytes for Failed to commit area from 0x000000008e200000 to 0x0000000091000000 of length 48234496.
# Possible reasons:
#   The system is out of physical RAM or swap space
#   The process is running with CompressedOops enabled, and the Java Heap may be blocking the growth of the native heap
# Possible solutions:
#   Reduce memory load on the system
#   Increase physical memory or swap space
#   Check if swap backing store is full
#   Decrease Java heap size (-Xmx/-Xms)
#   Decrease number of Java threads
#   Decrease Java thread stack sizes (-Xss)
#   Set larger code cache with -XX:ReservedCodeCacheSize=
#   JVM is running with Unscaled Compressed Oops mode in which the Java heap is
#     placed in the first 4GB address space. The Java Heap base address is the
#     maximum limit for the native heap growth. Please use -XX:HeapBaseMinAddress
#     to set the Java Heap base and to place the Java Heap above 4GB virtual address.
# This output file may be truncated or incomplete.
#
#  Out of Memory Error (./src/hotspot/os/windows/os_windows.cpp:3619), pid=4380, tid=17860
#
# JRE version: OpenJDK Runtime Environment (11.0.13) (build 11.0.13+0-b1751.21-8125866)
# Java VM: OpenJDK 64-Bit Server VM (11.0.13+0-b1751.21-8125866, mixed mode, tiered, compressed oops, g1 gc, windows-amd64)
# No core dump will be written. Minidumps are not enabled by default on client versions of Windows
#

---------------  S U M M A R Y ------------

Command Line: --add-opens=java.base/java.util=ALL-UNNAMED --add-opens=java.base/java.lang=ALL-UNNAMED --add-opens=java.base/java.lang.invoke=ALL-UNNAMED --add-opens=java.base/java.util=ALL-UNNAMED --add-opens=java.prefs/java.util.prefs=ALL-UNNAMED --add-opens=java.prefs/java.util.prefs=ALL-UNNAMED --add-opens=java.base/java.nio.charset=ALL-UNNAMED --add-opens=java.base/java.net=ALL-UNNAMED --add-opens=java.base/java.util.concurrent.atomic=ALL-UNNAMED -Xmx2048m -Dfile.encoding=UTF-8 -Duser.country=KR -Duser.language=ko -Duser.variant org.gradle.launcher.daemon.bootstrap.GradleDaemon 7.4

Host: Intel(R) Core(TM) i5-10210U CPU @ 1.60GHz, 8 cores, 7G,  Windows 11 , 64 bit Build 22000 (10.0.22000.1335)
Time: Sun Jan 29 08:14:02 2023 대한민국 표준시 elapsed time: 132.586541 seconds (0d 0h 2m 12s)

---------------  T H R E A D  ---------------

Current thread (0x000001bb7f394800):  VMThread "VM Thread" [stack: 0x000000932cf00000,0x000000932d000000] [id=17860]

Stack: [0x000000932cf00000,0x000000932d000000]
[error occurred during error reporting (printing stack bounds), id 0xc0000005, EXCEPTION_ACCESS_VIOLATION (0xc0000005) at pc=0x000001bb6aa1112d]

Native frames: (J=compiled Java code, j=interpreted, Vv=VM code, C=native code)
V  [jvm.dll+0x6100fa]
V  [jvm.dll+0x747090]
V  [jvm.dll+0x7486ad]
V  [jvm.dll+0x748ce5]
V  [jvm.dll+0x748c9b]
V  [jvm.dll+0x60f224]
V  [jvm.dll+0x60f9b8]
C  [ntdll.dll+0xa8b1f]
C  [ntdll.dll+0x35b9a]
C  [ntdll.dll+0xa7b2e]
C  0x000001bb6aa1112d

VM_Operation (0x0000009334df8fe0): G1CollectForAllocation, mode: safepoint, requested by thread 0x000001bb05910800


---------------  P R O C E S S  ---------------

Threads class SMR info:
_java_thread_list=0x000001bb0c871620, length=141, elements={
0x000001bb66eef800, 0x000001bb7f396000, 0x000001bb7f3a2000, 0x000001bb0200d000,
0x000001bb0200e000, 0x000001bb02059000, 0x000001bb02061800, 0x000001bb02062800,
0x000001bb7f3c7000, 0x000001bb021ca000, 0x000001bb03b5a000, 0x000001bb031ae800,
0x000001bb03a6b000, 0x000001bb04da0800, 0x000001bb04162800, 0x000001bb041da800,
0x000001bb03a5f000, 0x000001bb03a60000, 0x000001bb03943800, 0x000001bb034cb800,
0x000001bb034cd000, 0x000001bb034cc000, 0x000001bb034ce800, 0x000001bb034ce000,
0x000001bb034ca800, 0x000001bb034c9000, 0x000001bb034cf800, 0x000001bb034ca000,
0x000001bb052c4800, 0x000001bb052c7800, 0x000001bb052c7000, 0x000001bb052c6000,
0x000001bb052c3000, 0x000001bb052c2000, 0x000001bb052ca000, 0x000001bb052cb000,
0x000001bb052cd800, 0x000001bb052cc800, 0x000001bb052ce800, 0x000001bb052c9800,
0x000001bb052c8800, 0x000001bb052cc000, 0x000001bb052cf000, 0x000001bb052d0000,
0x000001bb052d0800, 0x000001bb0348b800, 0x000001bb03487000, 0x000001bb0348a000,
0x000001bb03487800, 0x000001bb03489800, 0x000001bb0348c800, 0x000001bb0348e000,
0x000001bb03488800, 0x000001bb03490800, 0x000001bb0348d800, 0x000001bb0348f000,
0x000001bb0348b000, 0x000001bb03494800, 0x000001bb03495800, 0x000001bb03490000,
0x000001bb03491800, 0x000001bb03492800, 0x000001bb03493000, 0x000001bb03494000,
0x000001bb044e0800, 0x000001bb044e5000, 0x000001bb044df000, 0x000001bb044e0000,
0x000001bb044e2800, 0x000001bb044e1800, 0x000001bb044e4000, 0x000001bb044e3000,
0x000001bb044e5800, 0x000001bb044e7800, 0x000001bb044e8000, 0x000001bb044e9000,
0x000001bb044eb800, 0x000001bb044e9800, 0x000001bb044ea800, 0x000001bb044ec000,
0x000001bb044e6800, 0x000001bb044ed000, 0x000001bb044ee000, 0x000001bb0704d800,
0x000001bb0704a000, 0x000001bb0704c000, 0x000001bb07047800, 0x000001bb0704c800,
0x000001bb0704b000, 0x000001bb0704e800, 0x000001bb07048800, 0x000001bb0704f000,
0x000001bb07049800, 0x000001bb07051800, 0x000001bb07050000, 0x000001bb07056800,
0x000001bb07054000, 0x000001bb07053000, 0x000001bb07052800, 0x000001bb07055000,
0x000001bb07055800, 0x000001bb07050800, 0x000001bb05903800, 0x000001bb05906800,
0x000001bb05906000, 0x000001bb05904000, 0x000001bb05907800, 0x000001bb05905000,
0x000001bb05908800, 0x000001bb05902800, 0x000001bb0590a800, 0x000001bb05909000,
0x000001bb0590f800, 0x000001bb0590a000, 0x000001bb05910800, 0x000001bb05911000,
0x000001bb0590b800, 0x000001bb0590c800, 0x000001bb0590d000, 0x000001bb0590e000,
0x000001bb0590f000, 0x000001bb0b077800, 0x000001bb0b078800, 0x000001bb0b07f000,
0x000001bb0b07a800, 0x000001bb0b07e000, 0x000001bb0b07a000, 0x000001bb0b079000,
0x000001bb0b07b800, 0x000001bb0b082000, 0x000001bb0b07f800, 0x000001bb0b081800,
0x000001bb0b080800, 0x000001bb0b083000, 0x000001bb0b084800, 0x000001bb0b085800,
0x000001bb093d7800, 0x000001bb093d8800, 0x000001bb093da000, 0x000001bb093db000,
0x000001bb093dc000
}

Java Threads: ( => current thread )
  0x000001bb66eef800 JavaThread "main" [_thread_blocked, id=23228, stack(0x000000932c900000,0x000000932ca00000)]
  0x000001bb7f396000 JavaThread "Reference Handler" daemon [_thread_blocked, id=21216, stack(0x000000932d000000,0x000000932d100000)]
  0x000001bb7f3a2000 JavaThread "Finalizer" daemon [_thread_blocked, id=19244, stack(0x000000932d100000,0x000000932d200000)]
  0x000001bb0200d000 JavaThread "Signal Dispatcher" daemon [_thread_blocked, id=14568, stack(0x000000932d200000,0x000000932d300000)]
  0x000001bb0200e000 JavaThread "Attach Listener" daemon [_thread_blocked, id=24988, stack(0x000000932d300000,0x000000932d400000)]
  0x000001bb02059000 JavaThread "Service Thread" daemon [_thread_blocked, id=8804, stack(0x000000932d400000,0x000000932d500000)]
  0x000001bb02061800 JavaThread "C2 CompilerThread0" daemon [_thread_blocked, id=14076, stack(0x000000932d500000,0x000000932d600000)]
  0x000001bb02062800 JavaThread "C1 CompilerThread0" daemon [_thread_blocked, id=23516, stack(0x000000932d600000,0x000000932d700000)]
  0x000001bb7f3c7000 JavaThread "Sweeper thread" daemon [_thread_blocked, id=23408, stack(0x000000932d700000,0x000000932d800000)]
  0x000001bb021ca000 JavaThread "Common-Cleaner" daemon [_thread_blocked, id=25048, stack(0x000000932d800000,0x000000932d900000)]
  0x000001bb03b5a000 JavaThread "Daemon health stats" [_thread_blocked, id=17180, stack(0x000000932de00000,0x000000932df00000)]
  0x000001bb031ae800 JavaThread "Incoming local TCP Connector on port 50551" [_thread_in_native, id=14500, stack(0x000000932da00000,0x000000932db00000)]
  0x000001bb03a6b000 JavaThread "Daemon periodic checks" [_thread_blocked, id=23848, stack(0x000000932dd00000,0x000000932de00000)]
  0x000001bb04da0800 JavaThread "Daemon" [_thread_blocked, id=16440, stack(0x000000932df00000,0x000000932e000000)]
  0x000001bb04162800 JavaThread "Handler for socket connection from /127.0.0.1:50551 to /127.0.0.1:50552" [_thread_in_native, id=700, stack(0x000000932e500000,0x000000932e600000)]
  0x000001bb041da800 JavaThread "Cancel handler" [_thread_blocked, id=4504, stack(0x000000932e600000,0x000000932e700000)]
  0x000001bb03a5f000 JavaThread "Daemon worker" [_thread_blocked, id=18912, stack(0x000000932e700000,0x000000932e800000)]
  0x000001bb03a60000 JavaThread "Asynchronous log dispatcher for DefaultDaemonConnection: socket connection from /127.0.0.1:50551 to /127.0.0.1:50552" [_thread_blocked, id=22004, stack(0x000000932e800000,0x000000932e900000)]
  0x000001bb03943800 JavaThread "Daemon client event forwarder" [_thread_blocked, id=1292, stack(0x000000932ea00000,0x000000932eb00000)]
  0x000001bb034cb800 JavaThread "Cache worker for journal cache (C:\Users\snake\.gradle\caches\journal-1)" [_thread_blocked, id=12532, stack(0x000000932eb00000,0x000000932ec00000)]
  0x000001bb034cd000 JavaThread "File lock request listener" [_thread_in_native, id=23172, stack(0x000000932ec00000,0x000000932ed00000)]
  0x000001bb034cc000 JavaThread "Cache worker for file hash cache (C:\Users\snake\.gradle\caches\7.4\fileHashes)" [_thread_blocked, id=13280, stack(0x000000932ed00000,0x000000932ee00000)]
  0x000001bb034ce800 JavaThread "File watcher server" daemon [_thread_blocked, id=10116, stack(0x000000932f000000,0x000000932f100000)]
  0x000001bb034ce000 JavaThread "File watcher consumer" daemon [_thread_blocked, id=6016, stack(0x000000932f100000,0x000000932f200000)]
  0x000001bb034ca800 JavaThread "Cache worker for checksums cache (C:\Users\snake\AndroidStudioProjects\Graduation1\.gradle\7.4\checksums)" [_thread_blocked, id=12612, stack(0x000000932f200000,0x000000932f300000)]
  0x000001bb034c9000 JavaThread "Cache worker for cache directory md-rule (C:\Users\snake\.gradle\caches\7.4\md-rule)" [_thread_blocked, id=22652, stack(0x000000932f300000,0x000000932f400000)]
  0x000001bb034cf800 JavaThread "Cache worker for file hash cache (C:\Users\snake\AndroidStudioProjects\Graduation1\.gradle\7.4\fileHashes)" [_thread_blocked, id=2452, stack(0x000000932ef00000,0x000000932f000000)]
  0x000001bb034ca000 JavaThread "Cache worker for cache directory md-supplier (C:\Users\snake\.gradle\caches\7.4\md-supplier)" [_thread_blocked, id=16952, stack(0x000000932f400000,0x000000932f500000)]
  0x000001bb052c4800 JavaThread "Cache worker for execution history cache (C:\Users\snake\.gradle\caches\7.4\executionHistory)" [_thread_blocked, id=16304, stack(0x000000932f500000,0x000000932f600000)]
  0x000001bb052c7800 JavaThread "jar transforms" [_thread_blocked, id=21492, stack(0x000000932f600000,0x000000932f700000)]
  0x000001bb052c7000 JavaThread "Cache worker for file content cache (C:\Users\snake\.gradle\caches\7.4\fileContent)" [_thread_blocked, id=15432, stack(0x000000932f700000,0x000000932f800000)]
  0x000001bb052c6000 JavaThread "jar transforms Thread 2" [_thread_blocked, id=11472, stack(0x000000932f800000,0x000000932f900000)]
  0x000001bb052c3000 JavaThread "Cache worker for dependencies-accessors (C:\Users\snake\AndroidStudioProjects\Graduation1\.gradle\7.4\dependencies-accessors)" [_thread_blocked, id=9420, stack(0x000000932f900000,0x000000932fa00000)]
  0x000001bb052c2000 JavaThread "jar transforms Thread 3" [_thread_blocked, id=24076, stack(0x000000932fa00000,0x000000932fb00000)]
  0x000001bb052ca000 JavaThread "Cache worker for Build Output Cleanup Cache (C:\Users\snake\AndroidStudioProjects\Graduation1\.gradle\buildOutputCleanup)" [_thread_blocked, id=19568, stack(0x000000932fb00000,0x000000932fc00000)]
  0x000001bb052cb000 JavaThread "Unconstrained build operations" [_thread_blocked, id=16712, stack(0x000000932fc00000,0x000000932fd00000)]
  0x000001bb052cd800 JavaThread "Unconstrained build operations Thread 2" [_thread_blocked, id=14572, stack(0x000000932fd00000,0x000000932fe00000)]
  0x000001bb052cc800 JavaThread "Unconstrained build operations Thread 3" [_thread_blocked, id=13288, stack(0x000000932fe00000,0x000000932ff00000)]
  0x000001bb052ce800 JavaThread "Unconstrained build operations Thread 4" [_thread_blocked, id=24648, stack(0x000000932ff00000,0x0000009330000000)]
  0x000001bb052c9800 JavaThread "Unconstrained build operations Thread 5" [_thread_blocked, id=6224, stack(0x0000009330000000,0x0000009330100000)]
  0x000001bb052c8800 JavaThread "Unconstrained build operations Thread 6" [_thread_blocked, id=17556, stack(0x0000009330100000,0x0000009330200000)]
  0x000001bb052cc000 JavaThread "Unconstrained build operations Thread 7" [_thread_blocked, id=23880, stack(0x0000009330200000,0x0000009330300000)]
  0x000001bb052cf000 JavaThread "Unconstrained build operations Thread 8" [_thread_blocked, id=19756, stack(0x0000009330300000,0x0000009330400000)]
  0x000001bb052d0000 JavaThread "Unconstrained build operations Thread 9" [_thread_blocked, id=12280, stack(0x0000009330400000,0x0000009330500000)]
  0x000001bb052d0800 JavaThread "Unconstrained build operations Thread 10" [_thread_blocked, id=22924, stack(0x0000009330500000,0x0000009330600000)]
  0x000001bb0348b800 JavaThread "Unconstrained build operations Thread 11" [_thread_blocked, id=11532, stack(0x0000009330600000,0x0000009330700000)]
  0x000001bb03487000 JavaThread "Unconstrained build operations Thread 12" [_thread_blocked, id=7108, stack(0x0000009330700000,0x0000009330800000)]
  0x000001bb0348a000 JavaThread "Unconstrained build operations Thread 13" [_thread_blocked, id=6520, stack(0x0000009330800000,0x0000009330900000)]
  0x000001bb03487800 JavaThread "Unconstrained build operations Thread 14" [_thread_blocked, id=23000, stack(0x0000009330900000,0x0000009330a00000)]
  0x000001bb03489800 JavaThread "Unconstrained build operations Thread 15" [_thread_blocked, id=18480, stack(0x0000009330a00000,0x0000009330b00000)]
  0x000001bb0348c800 JavaThread "Unconstrained build operations Thread 16" [_thread_blocked, id=21924, stack(0x0000009330b00000,0x0000009330c00000)]
  0x000001bb0348e000 JavaThread "Unconstrained build operations Thread 17" [_thread_blocked, id=22712, stack(0x0000009330c00000,0x0000009330d00000)]
  0x000001bb03488800 JavaThread "Unconstrained build operations Thread 18" [_thread_blocked, id=4148, stack(0x0000009330d00000,0x0000009330e00000)]
  0x000001bb03490800 JavaThread "Unconstrained build operations Thread 19" [_thread_blocked, id=25516, stack(0x0000009330e00000,0x0000009330f00000)]
  0x000001bb0348d800 JavaThread "Unconstrained build operations Thread 20" [_thread_blocked, id=23036, stack(0x0000009330f00000,0x0000009331000000)]
  0x000001bb0348f000 JavaThread "Unconstrained build operations Thread 21" [_thread_blocked, id=21348, stack(0x0000009331000000,0x0000009331100000)]
  0x000001bb0348b000 JavaThread "Unconstrained build operations Thread 22" [_thread_blocked, id=23568, stack(0x0000009331100000,0x0000009331200000)]
  0x000001bb03494800 JavaThread "Unconstrained build operations Thread 23" [_thread_blocked, id=15496, stack(0x0000009331200000,0x0000009331300000)]
  0x000001bb03495800 JavaThread "Unconstrained build operations Thread 24" [_thread_blocked, id=23412, stack(0x0000009331300000,0x0000009331400000)]
  0x000001bb03490000 JavaThread "Unconstrained build operations Thread 25" [_thread_blocked, id=9024, stack(0x0000009331400000,0x0000009331500000)]
  0x000001bb03491800 JavaThread "Unconstrained build operations Thread 26" [_thread_blocked, id=15244, stack(0x0000009331500000,0x0000009331600000)]
  0x000001bb03492800 JavaThread "Unconstrained build operations Thread 27" [_thread_blocked, id=3160, stack(0x0000009331600000,0x0000009331700000)]
  0x000001bb03493000 JavaThread "Unconstrained build operations Thread 28" [_thread_blocked, id=7460, stack(0x0000009331700000,0x0000009331800000)]
  0x000001bb03494000 JavaThread "Unconstrained build operations Thread 29" [_thread_blocked, id=2004, stack(0x0000009331800000,0x0000009331900000)]
  0x000001bb044e0800 JavaThread "Unconstrained build operations Thread 30" [_thread_blocked, id=10488, stack(0x0000009331900000,0x0000009331a00000)]
  0x000001bb044e5000 JavaThread "Unconstrained build operations Thread 31" [_thread_blocked, id=6496, stack(0x0000009331a00000,0x0000009331b00000)]
  0x000001bb044df000 JavaThread "Unconstrained build operations Thread 32" [_thread_blocked, id=20148, stack(0x0000009331b00000,0x0000009331c00000)]
  0x000001bb044e0000 JavaThread "Unconstrained build operations Thread 33" [_thread_blocked, id=4224, stack(0x0000009331c00000,0x0000009331d00000)]
  0x000001bb044e2800 JavaThread "Unconstrained build operations Thread 34" [_thread_blocked, id=14080, stack(0x0000009331d00000,0x0000009331e00000)]
  0x000001bb044e1800 JavaThread "Unconstrained build operations Thread 35" [_thread_blocked, id=3772, stack(0x0000009331e00000,0x0000009331f00000)]
  0x000001bb044e4000 JavaThread "Unconstrained build operations Thread 36" [_thread_blocked, id=13680, stack(0x0000009331f00000,0x0000009332000000)]
  0x000001bb044e3000 JavaThread "Unconstrained build operations Thread 37" [_thread_blocked, id=1788, stack(0x0000009332000000,0x0000009332100000)]
  0x000001bb044e5800 JavaThread "Unconstrained build operations Thread 38" [_thread_blocked, id=22844, stack(0x0000009332100000,0x0000009332200000)]
  0x000001bb044e7800 JavaThread "Unconstrained build operations Thread 39" [_thread_blocked, id=21128, stack(0x0000009332200000,0x0000009332300000)]
  0x000001bb044e8000 JavaThread "Unconstrained build operations Thread 40" [_thread_blocked, id=5436, stack(0x0000009332300000,0x0000009332400000)]
  0x000001bb044e9000 JavaThread "Unconstrained build operations Thread 41" [_thread_blocked, id=7540, stack(0x0000009332400000,0x0000009332500000)]
  0x000001bb044eb800 JavaThread "Unconstrained build operations Thread 42" [_thread_blocked, id=23192, stack(0x0000009332600000,0x0000009332700000)]
  0x000001bb044e9800 JavaThread "Unconstrained build operations Thread 43" [_thread_blocked, id=3248, stack(0x0000009332700000,0x0000009332800000)]
  0x000001bb044ea800 JavaThread "Unconstrained build operations Thread 44" [_thread_blocked, id=23644, stack(0x0000009332800000,0x0000009332900000)]
  0x000001bb044ec000 JavaThread "Unconstrained build operations Thread 45" [_thread_blocked, id=23364, stack(0x0000009332900000,0x0000009332a00000)]
  0x000001bb044e6800 JavaThread "Unconstrained build operations Thread 46" [_thread_blocked, id=14368, stack(0x0000009332a00000,0x0000009332b00000)]
  0x000001bb044ed000 JavaThread "Unconstrained build operations Thread 47" [_thread_blocked, id=2472, stack(0x0000009332b00000,0x0000009332c00000)]
  0x000001bb044ee000 JavaThread "Unconstrained build operations Thread 48" [_thread_blocked, id=21248, stack(0x0000009332c00000,0x0000009332d00000)]
  0x000001bb0704d800 JavaThread "Unconstrained build operations Thread 49" [_thread_blocked, id=18972, stack(0x0000009332d00000,0x0000009332e00000)]
  0x000001bb0704a000 JavaThread "Unconstrained build operations Thread 50" [_thread_blocked, id=3308, stack(0x0000009332e00000,0x0000009332f00000)]
  0x000001bb0704c000 JavaThread "Unconstrained build operations Thread 51" [_thread_blocked, id=12244, stack(0x0000009332f00000,0x0000009333000000)]
  0x000001bb07047800 JavaThread "Unconstrained build operations Thread 52" [_thread_blocked, id=21660, stack(0x0000009333000000,0x0000009333100000)]
  0x000001bb0704c800 JavaThread "Unconstrained build operations Thread 53" [_thread_blocked, id=20836, stack(0x0000009333100000,0x0000009333200000)]
  0x000001bb0704b000 JavaThread "Unconstrained build operations Thread 54" [_thread_blocked, id=12344, stack(0x0000009333200000,0x0000009333300000)]
  0x000001bb0704e800 JavaThread "Unconstrained build operations Thread 55" [_thread_blocked, id=6452, stack(0x0000009333300000,0x0000009333400000)]
  0x000001bb07048800 JavaThread "Unconstrained build operations Thread 56" [_thread_blocked, id=15384, stack(0x0000009333400000,0x0000009333500000)]
  0x000001bb0704f000 JavaThread "Unconstrained build operations Thread 57" [_thread_blocked, id=8860, stack(0x0000009333500000,0x0000009333600000)]
  0x000001bb07049800 JavaThread "Unconstrained build operations Thread 58" [_thread_blocked, id=1656, stack(0x0000009333600000,0x0000009333700000)]
  0x000001bb07051800 JavaThread "Unconstrained build operations Thread 59" [_thread_blocked, id=1660, stack(0x0000009333700000,0x0000009333800000)]
  0x000001bb07050000 JavaThread "Unconstrained build operations Thread 60" [_thread_blocked, id=7452, stack(0x0000009333800000,0x0000009333900000)]
  0x000001bb07056800 JavaThread "Unconstrained build operations Thread 61" [_thread_blocked, id=22536, stack(0x0000009333900000,0x0000009333a00000)]
  0x000001bb07054000 JavaThread "Unconstrained build operations Thread 62" [_thread_blocked, id=5632, stack(0x0000009333a00000,0x0000009333b00000)]
  0x000001bb07053000 JavaThread "Unconstrained build operations Thread 63" [_thread_blocked, id=20764, stack(0x0000009333b00000,0x0000009333c00000)]
  0x000001bb07052800 JavaThread "Unconstrained build operations Thread 64" [_thread_blocked, id=16552, stack(0x0000009333c00000,0x0000009333d00000)]
  0x000001bb07055000 JavaThread "Unconstrained build operations Thread 65" [_thread_blocked, id=8496, stack(0x0000009333d00000,0x0000009333e00000)]
  0x000001bb07055800 JavaThread "Unconstrained build operations Thread 66" [_thread_blocked, id=19300, stack(0x0000009333e00000,0x0000009333f00000)]
  0x000001bb07050800 JavaThread "Unconstrained build operations Thread 67" [_thread_blocked, id=18780, stack(0x0000009333f00000,0x0000009334000000)]
  0x000001bb05903800 JavaThread "Unconstrained build operations Thread 68" [_thread_blocked, id=23780, stack(0x0000009334000000,0x0000009334100000)]
  0x000001bb05906800 JavaThread "Unconstrained build operations Thread 69" [_thread_blocked, id=21040, stack(0x0000009334100000,0x0000009334200000)]
  0x000001bb05906000 JavaThread "Unconstrained build operations Thread 70" [_thread_blocked, id=21656, stack(0x0000009334200000,0x0000009334300000)]
  0x000001bb05904000 JavaThread "Unconstrained build operations Thread 71" [_thread_blocked, id=19864, stack(0x0000009334300000,0x0000009334400000)]
  0x000001bb05907800 JavaThread "Unconstrained build operations Thread 72" [_thread_blocked, id=12844, stack(0x0000009334400000,0x0000009334500000)]
  0x000001bb05905000 JavaThread "Unconstrained build operations Thread 73" [_thread_blocked, id=19704, stack(0x0000009334500000,0x0000009334600000)]
  0x000001bb05908800 JavaThread "Unconstrained build operations Thread 74" [_thread_blocked, id=9528, stack(0x0000009334700000,0x0000009334800000)]
  0x000001bb05902800 JavaThread "Unconstrained build operations Thread 75" [_thread_blocked, id=21424, stack(0x0000009334800000,0x0000009334900000)]
  0x000001bb0590a800 JavaThread "Unconstrained build operations Thread 76" [_thread_blocked, id=17568, stack(0x0000009334900000,0x0000009334a00000)]
  0x000001bb05909000 JavaThread "Unconstrained build operations Thread 77" [_thread_blocked, id=19996, stack(0x0000009334a00000,0x0000009334b00000)]
  0x000001bb0590f800 JavaThread "Unconstrained build operations Thread 78" [_thread_blocked, id=20768, stack(0x0000009334b00000,0x0000009334c00000)]
  0x000001bb0590a000 JavaThread "Unconstrained build operations Thread 79" [_thread_blocked, id=3728, stack(0x0000009334c00000,0x0000009334d00000)]
  0x000001bb05910800 JavaThread "Unconstrained build operations Thread 80" [_thread_blocked, id=9616, stack(0x0000009334d00000,0x0000009334e00000)]
  0x000001bb05911000 JavaThread "jar transforms Thread 4" [_thread_blocked, id=23864, stack(0x0000009334e00000,0x0000009334f00000)]
  0x000001bb0590b800 JavaThread "jar transforms Thread 5" [_thread_blocked, id=25260, stack(0x0000009334f00000,0x0000009335000000)]
  0x000001bb0590c800 JavaThread "jar transforms Thread 6" [_thread_blocked, id=14384, stack(0x0000009335000000,0x0000009335100000)]
  0x000001bb0590d000 JavaThread "jar transforms Thread 7" [_thread_blocked, id=10940, stack(0x0000009335100000,0x0000009335200000)]
  0x000001bb0590e000 JavaThread "jar transforms Thread 8" [_thread_blocked, id=11432, stack(0x0000009335200000,0x0000009335300000)]
  0x000001bb0590f000 JavaThread "Memory manager" [_thread_blocked, id=12892, stack(0x0000009335500000,0x0000009335600000)]
  0x000001bb0b077800 JavaThread "build event listener" [_thread_blocked, id=21632, stack(0x000000932c800000,0x000000932c900000)]
  0x000001bb0b078800 JavaThread "pool-3-thread-1" [_thread_blocked, id=3064, stack(0x000000932c600000,0x000000932c700000)]
  0x000001bb0b07f000 JavaThread "build event listener" [_thread_blocked, id=19352, stack(0x000000932c700000,0x000000932c800000)]
  0x000001bb0b07a800 JavaThread "included builds" [_thread_blocked, id=16968, stack(0x0000009335300000,0x0000009335400000)]
  0x000001bb0b07e000 JavaThread "Execution worker for ':'" [_thread_blocked, id=23324, stack(0x0000009335400000,0x0000009335500000)]
  0x000001bb0b07a000 JavaThread "Execution worker for ':' Thread 2" [_thread_blocked, id=23120, stack(0x0000009335600000,0x0000009335700000)]
  0x000001bb0b079000 JavaThread "Execution worker for ':' Thread 3" [_thread_blocked, id=24368, stack(0x0000009335700000,0x0000009335800000)]
  0x000001bb0b07b800 JavaThread "Execution worker for ':' Thread 4" [_thread_blocked, id=23760, stack(0x0000009335800000,0x0000009335900000)]
  0x000001bb0b082000 JavaThread "Execution worker for ':' Thread 5" [_thread_blocked, id=8124, stack(0x0000009335900000,0x0000009335a00000)]
  0x000001bb0b07f800 JavaThread "Execution worker for ':' Thread 6" [_thread_blocked, id=10156, stack(0x0000009335a00000,0x0000009335b00000)]
  0x000001bb0b081800 JavaThread "Execution worker for ':' Thread 7" [_thread_blocked, id=16180, stack(0x0000009335b00000,0x0000009335c00000)]
  0x000001bb0b080800 JavaThread "Cache worker for execution history cache (C:\Users\snake\AndroidStudioProjects\Graduation1\.gradle\7.4\executionHistory)" [_thread_blocked, id=3496, stack(0x0000009335c00000,0x0000009335d00000)]
  0x000001bb0b083000 JavaThread "WorkerExecutor Queue Thread 3" [_thread_blocked, id=2268, stack(0x0000009336000000,0x0000009336100000)]
  0x000001bb0b084800 JavaThread "WorkerExecutor Queue Thread 4" [_thread_blocked, id=6588, stack(0x0000009336100000,0x0000009336200000)]
  0x000001bb0b085800 JavaThread "WorkerExecutor Queue Thread 5" [_thread_blocked, id=1936, stack(0x0000009336200000,0x0000009336300000)]
  0x000001bb093d7800 JavaThread "WorkerExecutor Queue Thread 6" [_thread_blocked, id=22944, stack(0x0000009336300000,0x0000009336400000)]
  0x000001bb093d8800 JavaThread "WorkerExecutor Queue Thread 7" [_thread_blocked, id=4068, stack(0x0000009336400000,0x0000009336500000)]
  0x000001bb093da000 JavaThread "WorkerExecutor Queue Thread 8" [_thread_blocked, id=19112, stack(0x0000009336500000,0x0000009336600000)]
  0x000001bb093db000 JavaThread "WorkerExecutor Queue Thread 9" [_thread_blocked, id=13392, stack(0x0000009335f00000,0x0000009336000000)]
  0x000001bb093dc000 JavaThread "WorkerExecutor Queue Thread 10" [_thread_blocked, id=5068, stack(0x000000932e900000,0x000000932ea00000)]

Other Threads:
=>0x000001bb7f394800 VMThread "VM Thread" [stack: 0x000000932cf00000,0x000000932d000000] [id=17860]
  0x000001bb02210800 WatcherThread [stack: 0x000000932d900000,0x000000932da00000] [id=13020]
  0x000001bb66f08000 GCTaskThread "GC Thread#0" [stack: 0x000000932ca00000,0x000000932cb00000] [id=18452]
  0x000001bb02d7d000 GCTaskThread "GC Thread#1" [stack: 0x000000932db00000,0x000000932dc00000] [id=2600]
  0x000001bb026ad000 GCTaskThread "GC Thread#2" [stack: 0x000000932dc00000,0x000000932dd00000] [id=22672]
  0x000001bb0533d800 GCTaskThread "GC Thread#3" [stack: 0x000000932e000000,0x000000932e100000] [id=9672]
  0x000001bb04d24000 GCTaskThread "GC Thread#4" [stack: 0x000000932e100000,0x000000932e200000] [id=11804]
  0x000001bb03e3c000 GCTaskThread "GC Thread#5" [stack: 0x000000932e200000,0x000000932e300000] [id=16856]
  0x000001bb0338c000 GCTaskThread "GC Thread#6" [stack: 0x000000932e300000,0x000000932e400000] [id=21488]
  0x000001bb037e6800 GCTaskThread "GC Thread#7" [stack: 0x000000932e400000,0x000000932e500000] [id=8240]
  0x000001bb66f3b800 ConcurrentGCThread "G1 Main Marker" [stack: 0x000000932cb00000,0x000000932cc00000] [id=13860]
  0x000001bb66f3d800 ConcurrentGCThread "G1 Conc#0" [stack: 0x000000932cc00000,0x000000932cd00000] [id=12296]
  0x000001bb04125800 ConcurrentGCThread "G1 Conc#1" [stack: 0x000000932ee00000,0x000000932ef00000] [id=2508]
  0x000001bb7f1e0800 ConcurrentGCThread "G1 Refine#0" [stack: 0x000000932cd00000,0x000000932ce00000] [id=20720]
  0x000001bb7f1e1800 ConcurrentGCThread "G1 Young RemSet Sampling" [stack: 0x000000932ce00000,0x000000932cf00000] [id=5884]

Threads with active compile tasks:
C2 CompilerThread0 132785 17567       4       java.util.IdentityHashMap::init (11 bytes)
C1 CompilerThread0 132785 17667 %     3       com.android.tools.r8.ir.regalloc.b::a @ 14 (1831 bytes)

VM state:at safepoint (normal execution)

VM Mutex/Monitor currently owned by a thread:  ([mutex/lock_event])
[0x000001bb66eeb430] Threads_lock - owner thread: 0x000001bb7f394800
[0x000001bb66eec6c0] Heap_lock - owner thread: 0x000001bb05910800

Heap address: 0x0000000080000000, size: 2048 MB, Compressed Oops mode: 32-bit
Narrow klass base: 0x0000000000000000, Narrow klass shift: 3
Compressed class space size: 1073741824 Address: 0x0000000100000000

Heap:
 garbage-first heap   total 278528K, used 155251K [0x0000000080000000, 0x0000000100000000)
  region size 1024K, 2 young (2048K), 2 survivors (2048K)
 Metaspace       used 114921K, capacity 118136K, committed 118480K, reserved 1153024K
  class space    used 14505K, capacity 15806K, committed 15904K, reserved 1048576K
Heap Regions: E=young(eden), S=young(survivor), O=old, HS=humongous(starts), HC=humongous(continues), CS=collection set, F=free, A=archive, TAMS=top-at-mark-start (previous, next)
|   0|0x0000000080000000, 0x0000000080100000, 0x0000000080100000|100%| O|  |TAMS 0x0000000080100000, 0x0000000080000000| Untracked 
|   1|0x0000000080100000, 0x0000000080200000, 0x0000000080200000|100%| O|  |TAMS 0x0000000080200000, 0x0000000080100000| Untracked 
|   2|0x0000000080200000, 0x0000000080300000, 0x0000000080300000|100%| O|  |TAMS 0x0000000080300000, 0x0000000080200000| Untracked 
|   3|0x0000000080300000, 0x0000000080400000, 0x0000000080400000|100%|HS|  |TAMS 0x0000000080400000, 0x0000000080300000| Complete 
|   4|0x0000000080400000, 0x0000000080500000, 0x0000000080500000|100%|HC|  |TAMS 0x0000000080500000, 0x0000000080400000| Complete 
|   5|0x0000000080500000, 0x0000000080600000, 0x0000000080600000|100%|HC|  |TAMS 0x0000000080600000, 0x0000000080500000| Complete 
|   6|0x0000000080600000, 0x0000000080700000, 0x0000000080700000|100%| O|  |TAMS 0x0000000080700000, 0x0000000080600000| Untracked 
|   7|0x0000000080700000, 0x0000000080800000, 0x0000000080800000|100%| O|  |TAMS 0x0000000080800000, 0x0000000080700000| Untracked 
|   8|0x0000000080800000, 0x0000000080900000, 0x0000000080900000|100%| O|  |TAMS 0x0000000080900000, 0x0000000080800000| Untracked 
|   9|0x0000000080900000, 0x0000000080a00000, 0x0000000080a00000|100%| O|  |TAMS 0x0000000080a00000, 0x0000000080900000| Untracked 
|  10|0x0000000080a00000, 0x0000000080b00000, 0x0000000080b00000|100%| O|  |TAMS 0x0000000080b00000, 0x0000000080a00000| Untracked 
|  11|0x0000000080b00000, 0x0000000080c00000, 0x0000000080c00000|100%| O|  |TAMS 0x0000000080c00000, 0x0000000080b00000| Untracked 
|  12|0x0000000080c00000, 0x0000000080d00000, 0x0000000080d00000|100%| O|  |TAMS 0x0000000080d00000, 0x0000000080c00000| Untracked 
|  13|0x0000000080d00000, 0x0000000080e00000, 0x0000000080e00000|100%| O|  |TAMS 0x0000000080e00000, 0x0000000080d00000| Untracked 
|  14|0x0000000080e00000, 0x0000000080f00000, 0x0000000080f00000|100%| O|  |TAMS 0x0000000080f00000, 0x0000000080e00000| Untracked 
|  15|0x0000000080f00000, 0x0000000081000000, 0x0000000081000000|100%| O|  |TAMS 0x0000000081000000, 0x0000000080f00000| Untracked 
|  16|0x0000000081000000, 0x0000000081100000, 0x0000000081100000|100%| O|  |TAMS 0x0000000081100000, 0x0000000081000000| Untracked 
|  17|0x0000000081100000, 0x0000000081200000, 0x0000000081200000|100%| O|  |TAMS 0x0000000081200000, 0x0000000081100000| Untracked 
|  18|0x0000000081200000, 0x0000000081300000, 0x0000000081300000|100%|HS|  |TAMS 0x0000000081300000, 0x0000000081200000| Complete 
|  19|0x0000000081300000, 0x0000000081400000, 0x0000000081400000|100%| O|  |TAMS 0x0000000081400000, 0x0000000081300000| Untracked 
|  20|0x0000000081400000, 0x0000000081500000, 0x0000000081500000|100%| O|  |TAMS 0x0000000081500000, 0x0000000081400000| Untracked 
|  21|0x0000000081500000, 0x0000000081600000, 0x0000000081600000|100%| O|  |TAMS 0x0000000081600000, 0x0000000081500000| Untracked 
|  22|0x0000000081600000, 0x0000000081700000, 0x0000000081700000|100%| O|  |TAMS 0x0000000081700000, 0x0000000081600000| Untracked 
|  23|0x0000000081700000, 0x0000000081800000, 0x0000000081800000|100%| O|  |TAMS 0x0000000081800000, 0x0000000081700000| Untracked 
|  24|0x0000000081800000, 0x0000000081900000, 0x0000000081900000|100%| O|  |TAMS 0x0000000081900000, 0x0000000081800000| Untracked 
|  25|0x0000000081900000, 0x0000000081a00000, 0x0000000081a00000|100%| O|  |TAMS 0x0000000081a00000, 0x0000000081900000| Untracked 
|  26|0x0000000081a00000, 0x0000000081b00000, 0x0000000081b00000|100%| O|  |TAMS 0x0000000081b00000, 0x0000000081a00000| Untracked 
|  27|0x0000000081b00000, 0x0000000081c00000, 0x0000000081c00000|100%| O|  |TAMS 0x0000000081c00000, 0x0000000081b00000| Untracked 
|  28|0x0000000081c00000, 0x0000000081d00000, 0x0000000081d00000|100%| O|  |TAMS 0x0000000081d00000, 0x0000000081c00000| Untracked 
|  29|0x0000000081d00000, 0x0000000081e00000, 0x0000000081e00000|100%|HS|  |TAMS 0x0000000081e00000, 0x0000000081d00000| Complete 
|  30|0x0000000081e00000, 0x0000000081f00000, 0x0000000081f00000|100%|HS|  |TAMS 0x0000000081f00000, 0x0000000081e00000| Complete 
|  31|0x0000000081f00000, 0x0000000082000000, 0x0000000082000000|100%|HC|  |TAMS 0x0000000082000000, 0x0000000081f00000| Complete 
|  32|0x0000000082000000, 0x0000000082100000, 0x0000000082100000|100%| O|  |TAMS 0x0000000082100000, 0x0000000082000000| Untracked 
|  33|0x0000000082100000, 0x0000000082200000, 0x0000000082200000|100%| O|  |TAMS 0x0000000082200000, 0x0000000082100000| Untracked 
|  34|0x0000000082200000, 0x0000000082300000, 0x0000000082300000|100%| O|  |TAMS 0x0000000082300000, 0x0000000082200000| Untracked 
|  35|0x0000000082300000, 0x0000000082400000, 0x0000000082400000|100%| O|  |TAMS 0x0000000082400000, 0x0000000082300000| Untracked 
|  36|0x0000000082400000, 0x0000000082500000, 0x0000000082500000|100%| O|  |TAMS 0x0000000082500000, 0x0000000082400000| Untracked 
|  37|0x0000000082500000, 0x0000000082600000, 0x0000000082600000|100%| O|  |TAMS 0x0000000082600000, 0x0000000082500000| Untracked 
|  38|0x0000000082600000, 0x0000000082700000, 0x0000000082700000|100%| O|  |TAMS 0x0000000082700000, 0x0000000082600000| Untracked 
|  39|0x0000000082700000, 0x0000000082800000, 0x0000000082800000|100%| O|  |TAMS 0x0000000082800000, 0x0000000082700000| Untracked 
|  40|0x0000000082800000, 0x0000000082900000, 0x0000000082900000|100%| O|  |TAMS 0x0000000082900000, 0x0000000082800000| Untracked 
|  41|0x0000000082900000, 0x0000000082a00000, 0x0000000082a00000|100%| O|  |TAMS 0x0000000082a00000, 0x0000000082900000| Untracked 
|  42|0x0000000082a00000, 0x0000000082b00000, 0x0000000082b00000|100%| O|  |TAMS 0x0000000082b00000, 0x0000000082a00000| Untracked 
|  43|0x0000000082b00000, 0x0000000082c00000, 0x0000000082c00000|100%| O|  |TAMS 0x0000000082c00000, 0x0000000082b00000| Untracked 
|  44|0x0000000082c00000, 0x0000000082d00000, 0x0000000082d00000|100%| O|  |TAMS 0x0000000082d00000, 0x0000000082c00000| Untracked 
|  45|0x0000000082d00000, 0x0000000082e00000, 0x0000000082e00000|100%| O|  |TAMS 0x0000000082e00000, 0x0000000082d00000| Untracked 
|  46|0x0000000082e00000, 0x0000000082f00000, 0x0000000082f00000|100%| O|  |TAMS 0x0000000082f00000, 0x0000000082e00000| Untracked 
|  47|0x0000000082f00000, 0x0000000083000000, 0x0000000083000000|100%| O|  |TAMS 0x0000000083000000, 0x0000000082f00000| Untracked 
|  48|0x0000000083000000, 0x0000000083100000, 0x0000000083100000|100%| O|  |TAMS 0x0000000083100000, 0x0000000083000000| Untracked 
|  49|0x0000000083100000, 0x0000000083200000, 0x0000000083200000|100%| O|  |TAMS 0x0000000083200000, 0x0000000083100000| Untracked 
|  50|0x0000000083200000, 0x0000000083300000, 0x0000000083300000|100%| O|  |TAMS 0x0000000083300000, 0x0000000083200000| Untracked 
|  51|0x0000000083300000, 0x0000000083400000, 0x0000000083400000|100%| O|  |TAMS 0x0000000083400000, 0x0000000083300000| Untracked 
|  52|0x0000000083400000, 0x0000000083500000, 0x0000000083500000|100%| O|  |TAMS 0x0000000083500000, 0x0000000083400000| Untracked 
|  53|0x0000000083500000, 0x0000000083600000, 0x0000000083600000|100%| O|  |TAMS 0x0000000083600000, 0x0000000083500000| Untracked 
|  54|0x0000000083600000, 0x0000000083700000, 0x0000000083700000|100%| O|  |TAMS 0x0000000083700000, 0x0000000083600000| Untracked 
|  55|0x0000000083700000, 0x0000000083800000, 0x0000000083800000|100%| O|  |TAMS 0x0000000083800000, 0x0000000083700000| Untracked 
|  56|0x0000000083800000, 0x0000000083900000, 0x0000000083900000|100%| O|  |TAMS 0x0000000083900000, 0x0000000083800000| Untracked 
|  57|0x0000000083900000, 0x0000000083a00000, 0x0000000083a00000|100%| O|  |TAMS 0x0000000083a00000, 0x0000000083900000| Untracked 
|  58|0x0000000083a00000, 0x0000000083b00000, 0x0000000083b00000|100%| O|  |TAMS 0x0000000083b00000, 0x0000000083a00000| Untracked 
|  59|0x0000000083b00000, 0x0000000083c00000, 0x0000000083c00000|100%| O|  |TAMS 0x0000000083c00000, 0x0000000083b00000| Untracked 
|  60|0x0000000083c00000, 0x0000000083d00000, 0x0000000083d00000|100%| O|  |TAMS 0x0000000083d00000, 0x0000000083c00000| Untracked 
|  61|0x0000000083d00000, 0x0000000083e00000, 0x0000000083e00000|100%| O|  |TAMS 0x0000000083e00000, 0x0000000083d00000| Untracked 
|  62|0x0000000083e00000, 0x0000000083f00000, 0x0000000083f00000|100%| O|  |TAMS 0x0000000083f00000, 0x0000000083e00000| Untracked 
|  63|0x0000000083f00000, 0x0000000084000000, 0x0000000084000000|100%| O|  |TAMS 0x0000000084000000, 0x0000000083f00000| Untracked 
|  64|0x0000000084000000, 0x0000000084100000, 0x0000000084100000|100%| O|  |TAMS 0x0000000084100000, 0x0000000084000000| Untracked 
|  65|0x0000000084100000, 0x0000000084200000, 0x0000000084200000|100%| O|  |TAMS 0x0000000084200000, 0x0000000084100000| Untracked 
|  66|0x0000000084200000, 0x0000000084300000, 0x0000000084300000|100%| O|  |TAMS 0x0000000084300000, 0x0000000084200000| Untracked 
|  67|0x0000000084300000, 0x0000000084400000, 0x0000000084400000|100%| O|  |TAMS 0x0000000084300000, 0x0000000084300000| Untracked 
|  68|0x0000000084400000, 0x0000000084500000, 0x0000000084500000|100%| O|  |TAMS 0x0000000084400000, 0x0000000084400000| Untracked 
|  69|0x0000000084500000, 0x0000000084600000, 0x0000000084600000|100%| O|  |TAMS 0x0000000084500000, 0x0000000084500000| Untracked 
|  70|0x0000000084600000, 0x0000000084700000, 0x0000000084700000|100%| O|  |TAMS 0x0000000084700000, 0x0000000084600000| Untracked 
|  71|0x0000000084700000, 0x0000000084800000, 0x0000000084800000|100%| O|  |TAMS 0x0000000084800000, 0x0000000084700000| Untracked 
|  72|0x0000000084800000, 0x0000000084900000, 0x0000000084900000|100%| O|  |TAMS 0x0000000084900000, 0x0000000084800000| Untracked 
|  73|0x0000000084900000, 0x0000000084a00000, 0x0000000084a00000|100%| O|  |TAMS 0x0000000084a00000, 0x0000000084900000| Untracked 
|  74|0x0000000084a00000, 0x0000000084b00000, 0x0000000084b00000|100%| O|  |TAMS 0x0000000084a00000, 0x0000000084a00000| Untracked 
|  75|0x0000000084b00000, 0x0000000084c00000, 0x0000000084c00000|100%| O|  |TAMS 0x0000000084b00000, 0x0000000084b00000| Untracked 
|  76|0x0000000084c00000, 0x0000000084d00000, 0x0000000084d00000|100%| O|  |TAMS 0x0000000084d00000, 0x0000000084c00000| Untracked 
|  77|0x0000000084d00000, 0x0000000084e00000, 0x0000000084e00000|100%| O|  |TAMS 0x0000000084e00000, 0x0000000084d00000| Untracked 
|  78|0x0000000084e00000, 0x0000000084f00000, 0x0000000084f00000|100%| O|  |TAMS 0x0000000084e00000, 0x0000000084e00000| Untracked 
|  79|0x0000000084f00000, 0x0000000085000000, 0x0000000085000000|100%| O|  |TAMS 0x0000000085000000, 0x0000000084f00000| Untracked 
|  80|0x0000000085000000, 0x0000000085100000, 0x0000000085100000|100%| O|  |TAMS 0x000000008507d800, 0x0000000085000000| Untracked 
|  81|0x0000000085100000, 0x0000000085200000, 0x0000000085200000|100%| O|  |TAMS 0x0000000085100000, 0x0000000085100000| Untracked 
|  82|0x0000000085200000, 0x0000000085300000, 0x0000000085300000|100%| O|  |TAMS 0x0000000085200000, 0x0000000085200000| Untracked 
|  83|0x0000000085300000, 0x0000000085400000, 0x0000000085400000|100%| O|  |TAMS 0x0000000085300000, 0x0000000085300000| Untracked 
|  84|0x0000000085400000, 0x0000000085500000, 0x0000000085500000|100%| O|  |TAMS 0x0000000085400000, 0x0000000085400000| Untracked 
|  85|0x0000000085500000, 0x0000000085600000, 0x0000000085600000|100%| O|  |TAMS 0x0000000085500000, 0x0000000085500000| Untracked 
|  86|0x0000000085600000, 0x0000000085700000, 0x0000000085700000|100%| O|  |TAMS 0x0000000085600000, 0x0000000085600000| Untracked 
|  87|0x0000000085700000, 0x0000000085800000, 0x0000000085800000|100%| O|  |TAMS 0x0000000085700000, 0x0000000085700000| Untracked 
|  88|0x0000000085800000, 0x0000000085900000, 0x0000000085900000|100%| O|  |TAMS 0x0000000085800000, 0x0000000085800000| Untracked 
|  89|0x0000000085900000, 0x0000000085a00000, 0x0000000085a00000|100%| O|  |TAMS 0x0000000085900000, 0x0000000085900000| Untracked 
|  90|0x0000000085a00000, 0x0000000085b00000, 0x0000000085b00000|100%| O|  |TAMS 0x0000000085a00000, 0x0000000085a00000| Untracked 
|  91|0x0000000085b00000, 0x0000000085c00000, 0x0000000085c00000|100%| O|  |TAMS 0x0000000085b00000, 0x0000000085b00000| Untracked 
|  92|0x0000000085c00000, 0x0000000085d00000, 0x0000000085d00000|100%| O|  |TAMS 0x0000000085d00000, 0x0000000085c00000| Untracked 
|  93|0x0000000085d00000, 0x0000000085e00000, 0x0000000085e00000|100%| O|  |TAMS 0x0000000085d00000, 0x0000000085d00000| Untracked 
|  94|0x0000000085e00000, 0x0000000085f00000, 0x0000000085f00000|100%| O|  |TAMS 0x0000000085e00000, 0x0000000085e00000| Untracked 
|  95|0x0000000085f00000, 0x0000000086000000, 0x0000000086000000|100%| O|  |TAMS 0x0000000085f00000, 0x0000000085f00000| Untracked 
|  96|0x0000000086000000, 0x0000000086100000, 0x0000000086100000|100%| O|  |TAMS 0x0000000086000000, 0x0000000086000000| Untracked 
|  97|0x0000000086100000, 0x0000000086200000, 0x0000000086200000|100%| O|  |TAMS 0x0000000086100000, 0x0000000086100000| Untracked 
|  98|0x0000000086200000, 0x0000000086300000, 0x0000000086300000|100%| O|  |TAMS 0x0000000086200000, 0x0000000086200000| Untracked 
|  99|0x0000000086300000, 0x0000000086400000, 0x0000000086400000|100%| O|  |TAMS 0x0000000086300000, 0x0000000086300000| Untracked 
| 100|0x0000000086400000, 0x0000000086500000, 0x0000000086500000|100%| O|  |TAMS 0x0000000086400000, 0x0000000086400000| Untracked 
| 101|0x0000000086500000, 0x0000000086600000, 0x0000000086600000|100%| O|  |TAMS 0x0000000086500000, 0x0000000086500000| Untracked 
| 102|0x0000000086600000, 0x0000000086700000, 0x0000000086700000|100%| O|  |TAMS 0x0000000086600000, 0x0000000086600000| Untracked 
| 103|0x0000000086700000, 0x0000000086800000, 0x0000000086800000|100%| O|  |TAMS 0x0000000086700000, 0x0000000086700000| Untracked 
| 104|0x0000000086800000, 0x0000000086900000, 0x0000000086900000|100%| O|  |TAMS 0x0000000086800000, 0x0000000086800000| Untracked 
| 105|0x0000000086900000, 0x0000000086a00000, 0x0000000086a00000|100%| O|  |TAMS 0x0000000086900000, 0x0000000086900000| Untracked 
| 106|0x0000000086a00000, 0x0000000086b00000, 0x0000000086b00000|100%| O|  |TAMS 0x0000000086a00000, 0x0000000086a00000| Untracked 
| 107|0x0000000086b00000, 0x0000000086c00000, 0x0000000086c00000|100%| O|  |TAMS 0x0000000086b00000, 0x0000000086b00000| Untracked 
| 108|0x0000000086c00000, 0x0000000086d00000, 0x0000000086d00000|100%| O|  |TAMS 0x0000000086c00000, 0x0000000086c00000| Untracked 
| 109|0x0000000086d00000, 0x0000000086e00000, 0x0000000086e00000|100%| O|  |TAMS 0x0000000086d00000, 0x0000000086d00000| Untracked 
| 110|0x0000000086e00000, 0x0000000086f00000, 0x0000000086f00000|100%| O|  |TAMS 0x0000000086e00000, 0x0000000086e00000| Untracked 
| 111|0x0000000086f00000, 0x0000000087000000, 0x0000000087000000|100%| O|  |TAMS 0x0000000086f00000, 0x0000000086f00000| Untracked 
| 112|0x0000000087000000, 0x0000000087100000, 0x0000000087100000|100%| O|  |TAMS 0x0000000087000000, 0x0000000087000000| Untracked 
| 113|0x0000000087100000, 0x0000000087200000, 0x0000000087200000|100%| O|  |TAMS 0x0000000087100000, 0x0000000087100000| Untracked 
| 114|0x0000000087200000, 0x0000000087300000, 0x0000000087300000|100%| O|  |TAMS 0x0000000087200000, 0x0000000087200000| Untracked 
| 115|0x0000000087300000, 0x0000000087400000, 0x0000000087400000|100%| O|  |TAMS 0x0000000087300000, 0x0000000087300000| Untracked 
| 116|0x0000000087400000, 0x0000000087500000, 0x0000000087500000|100%| O|  |TAMS 0x0000000087400000, 0x0000000087400000| Untracked 
| 117|0x0000000087500000, 0x0000000087600000, 0x0000000087600000|100%| O|  |TAMS 0x0000000087500000, 0x0000000087500000| Untracked 
| 118|0x0000000087600000, 0x0000000087700000, 0x0000000087700000|100%| O|  |TAMS 0x0000000087600000, 0x0000000087600000| Untracked 
| 119|0x0000000087700000, 0x0000000087800000, 0x0000000087800000|100%| O|  |TAMS 0x0000000087700000, 0x0000000087700000| Untracked 
| 120|0x0000000087800000, 0x0000000087900000, 0x0000000087900000|100%| O|  |TAMS 0x0000000087800000, 0x0000000087800000| Untracked 
| 121|0x0000000087900000, 0x0000000087a00000, 0x0000000087a00000|100%| O|  |TAMS 0x0000000087900000, 0x0000000087900000| Untracked 
| 122|0x0000000087a00000, 0x0000000087b00000, 0x0000000087b00000|100%| O|  |TAMS 0x0000000087a00000, 0x0000000087a00000| Untracked 
| 123|0x0000000087b00000, 0x0000000087c00000, 0x0000000087c00000|100%| O|  |TAMS 0x0000000087b00000, 0x0000000087b00000| Untracked 
| 124|0x0000000087c00000, 0x0000000087d00000, 0x0000000087d00000|100%| O|  |TAMS 0x0000000087c00000, 0x0000000087c00000| Untracked 
| 125|0x0000000087d00000, 0x0000000087e00000, 0x0000000087e00000|100%| O|  |TAMS 0x0000000087d00000, 0x0000000087d00000| Untracked 
| 126|0x0000000087e00000, 0x0000000087f00000, 0x0000000087f00000|100%| O|  |TAMS 0x0000000087e00000, 0x0000000087e00000| Untracked 
| 127|0x0000000087f00000, 0x0000000088000000, 0x0000000088000000|100%| O|  |TAMS 0x0000000087f00000, 0x0000000087f00000| Untracked 
| 128|0x0000000088000000, 0x0000000088100000, 0x0000000088100000|100%| O|  |TAMS 0x0000000088000000, 0x0000000088000000| Untracked 
| 129|0x0000000088100000, 0x0000000088200000, 0x0000000088200000|100%| O|  |TAMS 0x0000000088100000, 0x0000000088100000| Untracked 
| 130|0x0000000088200000, 0x0000000088300000, 0x0000000088300000|100%| O|  |TAMS 0x0000000088200000, 0x0000000088200000| Untracked 
| 131|0x0000000088300000, 0x0000000088400000, 0x0000000088400000|100%| O|  |TAMS 0x0000000088300000, 0x0000000088300000| Untracked 
| 132|0x0000000088400000, 0x0000000088500000, 0x0000000088500000|100%| O|  |TAMS 0x0000000088400000, 0x0000000088400000| Untracked 
| 133|0x0000000088500000, 0x0000000088600000, 0x0000000088600000|100%| O|  |TAMS 0x0000000088500000, 0x0000000088500000| Untracked 
| 134|0x0000000088600000, 0x0000000088700000, 0x0000000088700000|100%| O|  |TAMS 0x0000000088600000, 0x0000000088600000| Untracked 
| 135|0x0000000088700000, 0x0000000088800000, 0x0000000088800000|100%| O|  |TAMS 0x0000000088700000, 0x0000000088700000| Untracked 
| 136|0x0000000088800000, 0x0000000088900000, 0x0000000088900000|100%| O|  |TAMS 0x0000000088800000, 0x0000000088800000| Untracked 
| 137|0x0000000088900000, 0x0000000088a00000, 0x0000000088a00000|100%| O|  |TAMS 0x0000000088900000, 0x0000000088900000| Untracked 
| 138|0x0000000088a00000, 0x0000000088b00000, 0x0000000088b00000|100%| O|  |TAMS 0x0000000088a00000, 0x0000000088a00000| Untracked 
| 139|0x0000000088b00000, 0x0000000088c00000, 0x0000000088c00000|100%| O|  |TAMS 0x0000000088b00000, 0x0000000088b00000| Untracked 
| 140|0x0000000088c00000, 0x0000000088d00000, 0x0000000088d00000|100%| O|  |TAMS 0x0000000088c00000, 0x0000000088c00000| Untracked 
| 141|0x0000000088d00000, 0x0000000088e00000, 0x0000000088e00000|100%| O|  |TAMS 0x0000000088d00000, 0x0000000088d00000| Untracked 
| 142|0x0000000088e00000, 0x0000000088f00000, 0x0000000088f00000|100%| O|  |TAMS 0x0000000088e00000, 0x0000000088e00000| Untracked 
| 143|0x0000000088f00000, 0x0000000089000000, 0x0000000089000000|100%| O|  |TAMS 0x0000000088f00000, 0x0000000088f00000| Untracked 
| 144|0x0000000089000000, 0x0000000089100000, 0x0000000089100000|100%| O|  |TAMS 0x0000000089000000, 0x0000000089000000| Untracked 
| 145|0x0000000089100000, 0x0000000089200000, 0x0000000089200000|100%| O|  |TAMS 0x0000000089100000, 0x0000000089100000| Untracked 
| 146|0x0000000089200000, 0x0000000089300000, 0x0000000089300000|100%| O|  |TAMS 0x0000000089200000, 0x0000000089200000| Untracked 
| 147|0x0000000089300000, 0x0000000089400000, 0x0000000089400000|100%| O|  |TAMS 0x0000000089300000, 0x0000000089300000| Untracked 
| 148|0x0000000089400000, 0x0000000089500000, 0x0000000089500000|100%| O|  |TAMS 0x0000000089400000, 0x0000000089400000| Untracked 
| 149|0x0000000089500000, 0x0000000089600000, 0x0000000089600000|100%| O|  |TAMS 0x0000000089500000, 0x0000000089500000| Untracked 
| 150|0x0000000089600000, 0x0000000089638800, 0x0000000089700000| 22%| O|  |TAMS 0x0000000089600000, 0x0000000089600000| Untracked 
| 151|0x0000000089700000, 0x0000000089700000, 0x0000000089800000|  0%| F|  |TAMS 0x0000000089700000, 0x0000000089700000| Untracked 
| 152|0x0000000089800000, 0x0000000089800000, 0x0000000089900000|  0%| F|  |TAMS 0x0000000089800000, 0x0000000089800000| Untracked 
| 153|0x0000000089900000, 0x0000000089900000, 0x0000000089a00000|  0%| F|  |TAMS 0x0000000089900000, 0x0000000089900000| Untracked 
| 154|0x0000000089a00000, 0x0000000089a00000, 0x0000000089b00000|  0%| F|  |TAMS 0x0000000089a00000, 0x0000000089a00000| Untracked 
| 155|0x0000000089b00000, 0x0000000089b00000, 0x0000000089c00000|  0%| F|  |TAMS 0x0000000089b00000, 0x0000000089b00000| Untracked 
| 156|0x0000000089c00000, 0x0000000089c00000, 0x0000000089d00000|  0%| F|  |TAMS 0x0000000089c00000, 0x0000000089c00000| Untracked 
| 157|0x0000000089d00000, 0x0000000089d00000, 0x0000000089e00000|  0%| F|  |TAMS 0x0000000089d00000, 0x0000000089d00000| Untracked 
| 158|0x0000000089e00000, 0x0000000089e00000, 0x0000000089f00000|  0%| F|  |TAMS 0x0000000089e00000, 0x0000000089e00000| Untracked 
| 159|0x0000000089f00000, 0x0000000089f00000, 0x000000008a000000|  0%| F|  |TAMS 0x0000000089f00000, 0x0000000089f00000| Untracked 
| 160|0x000000008a000000, 0x000000008a000000, 0x000000008a100000|  0%| F|  |TAMS 0x000000008a000000, 0x000000008a000000| Untracked 
| 161|0x000000008a100000, 0x000000008a100000, 0x000000008a200000|  0%| F|  |TAMS 0x000000008a100000, 0x000000008a100000| Untracked 
| 162|0x000000008a200000, 0x000000008a200000, 0x000000008a300000|  0%| F|  |TAMS 0x000000008a200000, 0x000000008a200000| Untracked 
| 163|0x000000008a300000, 0x000000008a300000, 0x000000008a400000|  0%| F|  |TAMS 0x000000008a300000, 0x000000008a300000| Untracked 
| 164|0x000000008a400000, 0x000000008a400000, 0x000000008a500000|  0%| F|  |TAMS 0x000000008a400000, 0x000000008a400000| Untracked 
| 165|0x000000008a500000, 0x000000008a500000, 0x000000008a600000|  0%| F|  |TAMS 0x000000008a500000, 0x000000008a500000| Untracked 
| 166|0x000000008a600000, 0x000000008a600000, 0x000000008a700000|  0%| F|  |TAMS 0x000000008a600000, 0x000000008a600000| Untracked 
| 167|0x000000008a700000, 0x000000008a700000, 0x000000008a800000|  0%| F|  |TAMS 0x000000008a700000, 0x000000008a700000| Untracked 
| 168|0x000000008a800000, 0x000000008a800000, 0x000000008a900000|  0%| F|  |TAMS 0x000000008a800000, 0x000000008a800000| Untracked 
| 169|0x000000008a900000, 0x000000008a900000, 0x000000008aa00000|  0%| F|  |TAMS 0x000000008a900000, 0x000000008a900000| Untracked 
| 170|0x000000008aa00000, 0x000000008aa00000, 0x000000008ab00000|  0%| F|  |TAMS 0x000000008aa00000, 0x000000008aa00000| Untracked 
| 171|0x000000008ab00000, 0x000000008ab00000, 0x000000008ac00000|  0%| F|  |TAMS 0x000000008ab00000, 0x000000008ab00000| Untracked 
| 172|0x000000008ac00000, 0x000000008ac00000, 0x000000008ad00000|  0%| F|  |TAMS 0x000000008ac00000, 0x000000008ac00000| Untracked 
| 173|0x000000008ad00000, 0x000000008ad00000, 0x000000008ae00000|  0%| F|  |TAMS 0x000000008ad00000, 0x000000008ad00000| Untracked 
| 174|0x000000008ae00000, 0x000000008ae00000, 0x000000008af00000|  0%| F|  |TAMS 0x000000008ae00000, 0x000000008ae00000| Untracked 
| 175|0x000000008af00000, 0x000000008af00000, 0x000000008b000000|  0%| F|  |TAMS 0x000000008af00000, 0x000000008af00000| Untracked 
| 176|0x000000008b000000, 0x000000008b000000, 0x000000008b100000|  0%| F|  |TAMS 0x000000008b000000, 0x000000008b000000| Untracked 
| 177|0x000000008b100000, 0x000000008b100000, 0x000000008b200000|  0%| F|  |TAMS 0x000000008b100000, 0x000000008b100000| Untracked 
| 178|0x000000008b200000, 0x000000008b200000, 0x000000008b300000|  0%| F|  |TAMS 0x000000008b200000, 0x000000008b200000| Untracked 
| 179|0x000000008b300000, 0x000000008b300000, 0x000000008b400000|  0%| F|  |TAMS 0x000000008b300000, 0x000000008b300000| Untracked 
| 180|0x000000008b400000, 0x000000008b400000, 0x000000008b500000|  0%| F|  |TAMS 0x000000008b400000, 0x000000008b400000| Untracked 
| 181|0x000000008b500000, 0x000000008b500000, 0x000000008b600000|  0%| F|  |TAMS 0x000000008b500000, 0x000000008b500000| Untracked 
| 182|0x000000008b600000, 0x000000008b600000, 0x000000008b700000|  0%| F|  |TAMS 0x000000008b600000, 0x000000008b600000| Untracked 
| 183|0x000000008b700000, 0x000000008b700000, 0x000000008b800000|  0%| F|  |TAMS 0x000000008b700000, 0x000000008b700000| Untracked 
| 184|0x000000008b800000, 0x000000008b800000, 0x000000008b900000|  0%| F|  |TAMS 0x000000008b800000, 0x000000008b800000| Untracked 
| 185|0x000000008b900000, 0x000000008b900000, 0x000000008ba00000|  0%| F|  |TAMS 0x000000008b900000, 0x000000008b900000| Untracked 
| 186|0x000000008ba00000, 0x000000008ba00000, 0x000000008bb00000|  0%| F|  |TAMS 0x000000008ba00000, 0x000000008ba00000| Untracked 
| 187|0x000000008bb00000, 0x000000008bb00000, 0x000000008bc00000|  0%| F|  |TAMS 0x000000008bb00000, 0x000000008bb00000| Untracked 
| 188|0x000000008bc00000, 0x000000008bc64498, 0x000000008bd00000| 39%| S|CS|TAMS 0x000000008bc00000, 0x000000008bc00000| Complete 
| 189|0x000000008bd00000, 0x000000008be00000, 0x000000008be00000|100%| S|CS|TAMS 0x000000008bd00000, 0x000000008bd00000| Complete 
| 190|0x000000008be00000, 0x000000008be00000, 0x000000008bf00000|  0%| F|  |TAMS 0x000000008be00000, 0x000000008be00000| Untracked 
| 191|0x000000008bf00000, 0x000000008bf00000, 0x000000008c000000|  0%| F|  |TAMS 0x000000008bf00000, 0x000000008bf00000| Untracked 
| 192|0x000000008c000000, 0x000000008c000000, 0x000000008c100000|  0%| F|  |TAMS 0x000000008c000000, 0x000000008c000000| Untracked 
| 193|0x000000008c100000, 0x000000008c100000, 0x000000008c200000|  0%| F|  |TAMS 0x000000008c100000, 0x000000008c100000| Untracked 
| 194|0x000000008c200000, 0x000000008c200000, 0x000000008c300000|  0%| F|  |TAMS 0x000000008c200000, 0x000000008c200000| Untracked 
| 195|0x000000008c300000, 0x000000008c300000, 0x000000008c400000|  0%| F|  |TAMS 0x000000008c300000, 0x000000008c300000| Untracked 
| 196|0x000000008c400000, 0x000000008c400000, 0x000000008c500000|  0%| F|  |TAMS 0x000000008c400000, 0x000000008c400000| Untracked 
| 197|0x000000008c500000, 0x000000008c500000, 0x000000008c600000|  0%| F|  |TAMS 0x000000008c500000, 0x000000008c500000| Untracked 
| 198|0x000000008c600000, 0x000000008c600000, 0x000000008c700000|  0%| F|  |TAMS 0x000000008c600000, 0x000000008c600000| Untracked 
| 199|0x000000008c700000, 0x000000008c700000, 0x000000008c800000|  0%| F|  |TAMS 0x000000008c700000, 0x000000008c700000| Untracked 
| 200|0x000000008c800000, 0x000000008c800000, 0x000000008c900000|  0%| F|  |TAMS 0x000000008c800000, 0x000000008c800000| Untracked 
| 201|0x000000008c900000, 0x000000008c900000, 0x000000008ca00000|  0%| F|  |TAMS 0x000000008c900000, 0x000000008c900000| Untracked 
| 202|0x000000008ca00000, 0x000000008ca00000, 0x000000008cb00000|  0%| F|  |TAMS 0x000000008ca00000, 0x000000008ca00000| Untracked 
| 203|0x000000008cb00000, 0x000000008cb00000, 0x000000008cc00000|  0%| F|  |TAMS 0x000000008cb00000, 0x000000008cb00000| Untracked 
| 204|0x000000008cc00000, 0x000000008cc00000, 0x000000008cd00000|  0%| F|  |TAMS 0x000000008cc00000, 0x000000008cc00000| Untracked 
| 205|0x000000008cd00000, 0x000000008cd00000, 0x000000008ce00000|  0%| F|  |TAMS 0x000000008cd00000, 0x000000008cd00000| Untracked 
| 206|0x000000008ce00000, 0x000000008ce00000, 0x000000008cf00000|  0%| F|  |TAMS 0x000000008ce00000, 0x000000008ce00000| Untracked 
| 207|0x000000008cf00000, 0x000000008cf00000, 0x000000008d000000|  0%| F|  |TAMS 0x000000008cf00000, 0x000000008cf00000| Untracked 
| 208|0x000000008d000000, 0x000000008d000000, 0x000000008d100000|  0%| F|  |TAMS 0x000000008d000000, 0x000000008d000000| Untracked 
| 209|0x000000008d100000, 0x000000008d100000, 0x000000008d200000|  0%| F|  |TAMS 0x000000008d100000, 0x000000008d100000| Untracked 
| 210|0x000000008d200000, 0x000000008d200000, 0x000000008d300000|  0%| F|  |TAMS 0x000000008d200000, 0x000000008d200000| Untracked 
| 211|0x000000008d300000, 0x000000008d300000, 0x000000008d400000|  0%| F|  |TAMS 0x000000008d300000, 0x000000008d300000| Untracked 
| 212|0x000000008d400000, 0x000000008d400000, 0x000000008d500000|  0%| F|  |TAMS 0x000000008d400000, 0x000000008d400000| Untracked 
| 213|0x000000008d500000, 0x000000008d500000, 0x000000008d600000|  0%| F|  |TAMS 0x000000008d500000, 0x000000008d500000| Untracked 
| 214|0x000000008d600000, 0x000000008d600000, 0x000000008d700000|  0%| F|  |TAMS 0x000000008d600000, 0x000000008d600000| Untracked 
| 215|0x000000008d700000, 0x000000008d700000, 0x000000008d800000|  0%| F|  |TAMS 0x000000008d700000, 0x000000008d700000| Untracked 
| 216|0x000000008d800000, 0x000000008d800000, 0x000000008d900000|  0%| F|  |TAMS 0x000000008d800000, 0x000000008d800000| Untracked 
| 217|0x000000008d900000, 0x000000008d900000, 0x000000008da00000|  0%| F|  |TAMS 0x000000008d900000, 0x000000008d900000| Untracked 
| 218|0x000000008da00000, 0x000000008da00000, 0x000000008db00000|  0%| F|  |TAMS 0x000000008da00000, 0x000000008da00000| Untracked 
| 219|0x000000008db00000, 0x000000008db00000, 0x000000008dc00000|  0%| F|  |TAMS 0x000000008db00000, 0x000000008db00000| Untracked 
| 220|0x000000008dc00000, 0x000000008dc00000, 0x000000008dd00000|  0%| F|  |TAMS 0x000000008dc00000, 0x000000008dc00000| Untracked 
| 221|0x000000008dd00000, 0x000000008dd00000, 0x000000008de00000|  0%| F|  |TAMS 0x000000008dd00000, 0x000000008dd00000| Untracked 
| 222|0x000000008de00000, 0x000000008de00000, 0x000000008df00000|  0%| F|  |TAMS 0x000000008de00000, 0x000000008de00000| Untracked 
| 223|0x000000008df00000, 0x000000008df00000, 0x000000008e000000|  0%| F|  |TAMS 0x000000008df00000, 0x000000008df00000| Untracked 
| 224|0x000000008e000000, 0x000000008e000000, 0x000000008e100000|  0%| F|  |TAMS 0x000000008e000000, 0x000000008e000000| Untracked 
| 225|0x000000008e100000, 0x000000008e100000, 0x000000008e200000|  0%| F|  |TAMS 0x000000008e100000, 0x000000008e100000| Untracked 

Card table byte_map: [0x000001bb7a140000,0x000001bb7a540000] _byte_map_base: 0x000001bb79d40000

Marking Bits (Prev, Next): (CMBitMap*) 0x000001bb66f32900, (CMBitMap*) 0x000001bb66f328c8
 Prev Bits: [0x000001bb7c940000, 0x000001bb7e940000)
 Next Bits: [0x000001bb7a940000, 0x000001bb7c940000)

Polling page: 0x000001bb64ea0000

Metaspace:

Usage:
  Non-class:     99.93 MB capacity,    98.06 MB ( 98%) used,     1.49 MB (  1%) free+waste,   390.44 KB ( <1%) overhead. 
      Class:     15.44 MB capacity,    14.17 MB ( 92%) used,     1.09 MB (  7%) free+waste,   184.06 KB (  1%) overhead. 
       Both:    115.37 MB capacity,   112.23 MB ( 97%) used,     2.58 MB (  2%) free+waste,   574.50 KB ( <1%) overhead. 

Virtual space:
  Non-class space:      102.00 MB reserved,     100.17 MB ( 98%) committed 
      Class space:        1.00 GB reserved,      15.53 MB (  2%) committed 
             Both:        1.10 GB reserved,     115.70 MB ( 10%) committed 

Chunk freelists:
   Non-Class:  54.00 KB
       Class:  2.00 KB
        Both:  56.00 KB

MaxMetaspaceSize: 17179869184.00 GB
CompressedClassSpaceSize: 1.00 GB
Initial GC threshold: 20.80 MB
Current GC threshold: 156.59 MB
CDS: off

CodeHeap 'non-profiled nmethods': size=120000Kb used=10740Kb max_used=11035Kb free=109259Kb
 bounds [0x000001bb724e0000, 0x000001bb72fc0000, 0x000001bb79a10000]
CodeHeap 'profiled nmethods': size=120000Kb used=37795Kb max_used=37795Kb free=82204Kb
 bounds [0x000001bb6afb0000, 0x000001bb6d4a0000, 0x000001bb724e0000]
CodeHeap 'non-nmethods': size=5760Kb used=2419Kb max_used=2471Kb free=3341Kb
 bounds [0x000001bb6aa10000, 0x000001bb6ac80000, 0x000001bb6afb0000]
 total_blobs=17212 nmethods=16263 adapters=859
 compilation: enabled
              stopped_count=0, restarted_count=0
 full_count=0

Compilation events (20 events):
Event: 132.391 Thread 0x000001bb02061800 nmethod 17273 0x000001bb7291fc10 code [0x000001bb7291fda0, 0x000001bb729200b8]
Event: 132.391 Thread 0x000001bb02061800 15785       4       com.android.tools.r8.graph.N0::<init> (57 bytes)
Event: 132.398 Thread 0x000001bb02061800 nmethod 15785 0x000001bb7291f810 code [0x000001bb7291f9a0, 0x000001bb7291fb98]
Event: 132.399 Thread 0x000001bb02061800 16972       4       java.util.ArrayDeque$$Lambda$519/0x000000010062d040::accept (9 bytes)
Event: 132.400 Thread 0x000001bb02061800 nmethod 16972 0x000001bb7291f510 code [0x000001bb7291f6a0, 0x000001bb7291f738]
Event: 132.400 Thread 0x000001bb02061800 17539       4       java.util.LinkedList::checkPositionIndex (22 bytes)
Event: 132.402 Thread 0x000001bb02061800 nmethod 17539 0x000001bb7291f210 code [0x000001bb7291f3a0, 0x000001bb7291f438]
Event: 132.402 Thread 0x000001bb02061800 17557       4       com.android.tools.r8.internal.w::hasNext (17 bytes)
Event: 132.403 Thread 0x000001bb02061800 nmethod 17557 0x000001bb7291ef10 code [0x000001bb7291f0a0, 0x000001bb7291f118]
Event: 132.403 Thread 0x000001bb02061800 15886       4       com.android.tools.r8.graph.X0::m0 (37 bytes)
Event: 132.442 Thread 0x000001bb02062800 nmethod 17645 0x000001bb6d466090 code [0x000001bb6d468240, 0x000001bb6d4805a8]
Event: 132.442 Thread 0x000001bb02062800 17651       3       com.android.tools.r8.internal.x8::a (168 bytes)
Event: 132.445 Thread 0x000001bb02062800 nmethod 17651 0x000001bb6d488f90 code [0x000001bb6d489240, 0x000001bb6d48a028]
Event: 132.445 Thread 0x000001bb02062800 17652 %     3       com.android.tools.r8.ir.regalloc.b::a @ 629 (1337 bytes)
Event: 132.459 Thread 0x000001bb02061800 nmethod 15886 0x000001bb7291df90 code [0x000001bb7291e140, 0x000001bb7291e998]
Event: 132.459 Thread 0x000001bb02061800 15883       4       com.android.tools.r8.graph.P0::m0 (37 bytes)
Event: 132.474 Thread 0x000001bb02062800 nmethod 17652% 0x000001bb6d48a590 code [0x000001bb6d48b3e0, 0x000001bb6d495b58]
Event: 132.474 Thread 0x000001bb02062800 17667 %     3       com.android.tools.r8.ir.regalloc.b::a @ 14 (1831 bytes)
Event: 132.495 Thread 0x000001bb02061800 nmethod 15883 0x000001bb7291d490 code [0x000001bb7291d640, 0x000001bb7291dc08]
Event: 132.496 Thread 0x000001bb02061800 17567       4       java.util.IdentityHashMap::init (11 bytes)

GC Heap History (20 events):
Event: 126.573 GC heap after
{Heap after GC invocations=53 (full 0):
 garbage-first heap   total 192512K, used 127350K [0x0000000080000000, 0x0000000100000000)
  region size 1024K, 6 young (6144K), 6 survivors (6144K)
 Metaspace       used 109258K, capacity 112129K, committed 112336K, reserved 1146880K
  class space    used 13684K, capacity 14858K, committed 14880K, reserved 1048576K
}
Event: 127.122 GC heap before
{Heap before GC invocations=53 (full 0):
 garbage-first heap   total 192512K, used 158070K [0x0000000080000000, 0x0000000100000000)
  region size 1024K, 37 young (37888K), 6 survivors (6144K)
 Metaspace       used 109996K, capacity 112902K, committed 112976K, reserved 1146880K
  class space    used 13804K, capacity 14988K, committed 15008K, reserved 1048576K
}
Event: 127.171 GC heap after
{Heap after GC invocations=54 (full 0):
 garbage-first heap   total 192512K, used 133302K [0x0000000080000000, 0x0000000100000000)
  region size 1024K, 5 young (5120K), 5 survivors (5120K)
 Metaspace       used 109996K, capacity 112902K, committed 112976K, reserved 1146880K
  class space    used 13804K, capacity 14988K, committed 15008K, reserved 1048576K
}
Event: 127.650 GC heap before
{Heap before GC invocations=54 (full 0):
 garbage-first heap   total 192512K, used 159926K [0x0000000080000000, 0x0000000100000000)
  region size 1024K, 31 young (31744K), 5 survivors (5120K)
 Metaspace       used 110548K, capacity 113509K, committed 113616K, reserved 1148928K
  class space    used 13920K, capacity 15106K, committed 15136K, reserved 1048576K
}
Event: 127.677 GC heap after
{Heap after GC invocations=55 (full 0):
 garbage-first heap   total 192512K, used 138240K [0x0000000080000000, 0x0000000100000000)
  region size 1024K, 4 young (4096K), 4 survivors (4096K)
 Metaspace       used 110548K, capacity 113509K, committed 113616K, reserved 1148928K
  class space    used 13920K, capacity 15106K, committed 15136K, reserved 1048576K
}
Event: 128.331 GC heap before
{Heap before GC invocations=55 (full 0):
 garbage-first heap   total 192512K, used 162816K [0x0000000080000000, 0x0000000100000000)
  region size 1024K, 28 young (28672K), 4 survivors (4096K)
 Metaspace       used 111211K, capacity 114228K, committed 114256K, reserved 1148928K
  class space    used 14017K, capacity 15239K, committed 15264K, reserved 1048576K
}
Event: 128.356 GC heap after
{Heap after GC invocations=56 (full 0):
 garbage-first heap   total 192512K, used 142893K [0x0000000080000000, 0x0000000100000000)
  region size 1024K, 4 young (4096K), 4 survivors (4096K)
 Metaspace       used 111211K, capacity 114228K, committed 114256K, reserved 1148928K
  class space    used 14017K, capacity 15239K, committed 15264K, reserved 1048576K
}
Event: 128.777 GC heap before
{Heap before GC invocations=56 (full 0):
 garbage-first heap   total 192512K, used 162349K [0x0000000080000000, 0x0000000100000000)
  region size 1024K, 24 young (24576K), 4 survivors (4096K)
 Metaspace       used 112193K, capacity 115321K, committed 115536K, reserved 1148928K
  class space    used 14158K, capacity 15418K, committed 15520K, reserved 1048576K
}
Event: 128.801 GC heap after
{Heap after GC invocations=57 (full 0):
 garbage-first heap   total 192512K, used 146768K [0x0000000080000000, 0x0000000100000000)
  region size 1024K, 3 young (3072K), 3 survivors (3072K)
 Metaspace       used 112193K, capacity 115321K, committed 115536K, reserved 1148928K
  class space    used 14158K, capacity 15418K, committed 15520K, reserved 1048576K
}
Event: 129.397 GC heap before
{Heap before GC invocations=57 (full 0):
 garbage-first heap   total 192512K, used 164176K [0x0000000080000000, 0x0000000100000000)
  region size 1024K, 20 young (20480K), 3 survivors (3072K)
 Metaspace       used 113156K, capacity 116360K, committed 116432K, reserved 1150976K
  class space    used 14339K, capacity 15635K, committed 15648K, reserved 1048576K
}
Event: 129.420 GC heap after
{Heap after GC invocations=58 (full 0):
 garbage-first heap   total 192512K, used 149225K [0x0000000080000000, 0x0000000100000000)
  region size 1024K, 3 young (3072K), 3 survivors (3072K)
 Metaspace       used 113156K, capacity 116360K, committed 116432K, reserved 1150976K
  class space    used 14339K, capacity 15635K, committed 15648K, reserved 1048576K
}
Event: 129.825 GC heap before
{Heap before GC invocations=58 (full 0):
 garbage-first heap   total 192512K, used 165609K [0x0000000080000000, 0x0000000100000000)
  region size 1024K, 19 young (19456K), 3 survivors (3072K)
 Metaspace       used 113501K, capacity 116659K, committed 116688K, reserved 1150976K
  class space    used 14366K, capacity 15647K, committed 15648K, reserved 1048576K
}
Event: 129.845 GC heap after
{Heap after GC invocations=59 (full 0):
 garbage-first heap   total 231424K, used 150276K [0x0000000080000000, 0x0000000100000000)
  region size 1024K, 2 young (2048K), 2 survivors (2048K)
 Metaspace       used 113501K, capacity 116659K, committed 116688K, reserved 1150976K
  class space    used 14366K, capacity 15647K, committed 15648K, reserved 1048576K
}
Event: 130.885 GC heap before
{Heap before GC invocations=59 (full 0):
 garbage-first heap   total 231424K, used 179972K [0x0000000080000000, 0x0000000100000000)
  region size 1024K, 32 young (32768K), 2 survivors (2048K)
 Metaspace       used 114066K, capacity 117269K, committed 117584K, reserved 1150976K
  class space    used 14413K, capacity 15689K, committed 15776K, reserved 1048576K
}
Event: 130.900 GC heap after
{Heap after GC invocations=60 (full 0):
 garbage-first heap   total 231424K, used 152155K [0x0000000080000000, 0x0000000100000000)
  region size 1024K, 4 young (4096K), 4 survivors (4096K)
 Metaspace       used 114066K, capacity 117269K, committed 117584K, reserved 1150976K
  class space    used 14413K, capacity 15689K, committed 15776K, reserved 1048576K
}
Event: 131.479 GC heap before
{Heap before GC invocations=60 (full 0):
 garbage-first heap   total 231424K, used 182875K [0x0000000080000000, 0x0000000100000000)
  region size 1024K, 35 young (35840K), 4 survivors (4096K)
 Metaspace       used 114558K, capacity 117730K, committed 117840K, reserved 1150976K
  class space    used 14453K, capacity 15735K, committed 15776K, reserved 1048576K
}
Event: 131.501 GC heap after
{Heap after GC invocations=61 (full 0):
 garbage-first heap   total 231424K, used 153969K [0x0000000080000000, 0x0000000100000000)
  region size 1024K, 4 young (4096K), 4 survivors (4096K)
 Metaspace       used 114558K, capacity 117730K, committed 117840K, reserved 1150976K
  class space    used 14453K, capacity 15735K, committed 15776K, reserved 1048576K
}
Event: 131.921 GC heap before
{Heap before GC invocations=61 (full 0):
 garbage-first heap   total 231424K, used 185713K [0x0000000080000000, 0x0000000100000000)
  region size 1024K, 36 young (36864K), 4 survivors (4096K)
 Metaspace       used 114717K, capacity 117935K, committed 118224K, reserved 1150976K
  class space    used 14496K, capacity 15803K, committed 15904K, reserved 1048576K
}
Event: 131.946 GC heap after
{Heap after GC invocations=62 (full 0):
 garbage-first heap   total 231424K, used 155182K [0x0000000080000000, 0x0000000100000000)
  region size 1024K, 4 young (4096K), 4 survivors (4096K)
 Metaspace       used 114717K, capacity 117935K, committed 118224K, reserved 1150976K
  class space    used 14496K, capacity 15803K, committed 15904K, reserved 1048576K
}
Event: 132.535 GC heap before
{Heap before GC invocations=62 (full 0):
 garbage-first heap   total 231424K, used 188974K [0x0000000080000000, 0x0000000100000000)
  region size 1024K, 37 young (37888K), 4 survivors (4096K)
 Metaspace       used 114921K, capacity 118136K, committed 118480K, reserved 1153024K
  class space    used 14505K, capacity 15806K, committed 15904K, reserved 1048576K
}

Deoptimization events (20 events):
Event: 132.005 Thread 0x000001bb0590a000 Uncommon trap: reason=bimorphic_or_optimized_type_check action=maybe_recompile pc=0x000001bb725e3e58 method=com.android.tools.r8.internal.Uv.hasNext()Z @ 13 c2
Event: 132.005 Thread 0x000001bb052ce800 Uncommon trap: reason=class_check action=maybe_recompile pc=0x000001bb725e3e80 method=com.android.tools.r8.internal.Uv.hasNext()Z @ 103 c2
Event: 132.005 Thread 0x000001bb0590a000 DEOPT PACKING pc=0x000001bb725e3e58 sp=0x0000009334cf9860
Event: 132.005 Thread 0x000001bb0590a000 DEOPT UNPACKING pc=0x000001bb6aa5a1af sp=0x0000009334cf9818 mode 2
Event: 132.005 Thread 0x000001bb052ce800 DEOPT PACKING pc=0x000001bb725e3e80 sp=0x000000932fff9a90
Event: 132.005 Thread 0x000001bb052ce800 DEOPT UNPACKING pc=0x000001bb6aa5a1af sp=0x000000932fff9a48 mode 2
Event: 132.309 Thread 0x000001bb052ce800 Uncommon trap: trap_request=0xffffffbe fr.pc=0x000001bb725e75b0 relative=0x0000000000000210
Event: 132.309 Thread 0x000001bb052ce800 Uncommon trap: reason=profile_predicate action=maybe_recompile pc=0x000001bb725e75b0 method=com.android.tools.r8.graph.a1.a([C)I @ 8 c2
Event: 132.309 Thread 0x000001bb052ce800 DEOPT PACKING pc=0x000001bb725e75b0 sp=0x000000932fff9770
Event: 132.309 Thread 0x000001bb052ce800 DEOPT UNPACKING pc=0x000001bb6aa5a1af sp=0x000000932fff96f8 mode 2
Event: 132.310 Thread 0x000001bb052ce800 Uncommon trap: trap_request=0xffffffbe fr.pc=0x000001bb725e75b0 relative=0x0000000000000210
Event: 132.310 Thread 0x000001bb052ce800 Uncommon trap: reason=profile_predicate action=maybe_recompile pc=0x000001bb725e75b0 method=com.android.tools.r8.graph.a1.a([C)I @ 8 c2
Event: 132.310 Thread 0x000001bb052ce800 DEOPT PACKING pc=0x000001bb725e75b0 sp=0x000000932fff9770
Event: 132.310 Thread 0x000001bb052ce800 DEOPT UNPACKING pc=0x000001bb6aa5a1af sp=0x000000932fff96f8 mode 2
Event: 132.310 Thread 0x000001bb052ce800 Uncommon trap: trap_request=0xffffffbe fr.pc=0x000001bb725e75b0 relative=0x0000000000000210
Event: 132.310 Thread 0x000001bb052ce800 Uncommon trap: reason=profile_predicate action=maybe_recompile pc=0x000001bb725e75b0 method=com.android.tools.r8.graph.a1.a([C)I @ 8 c2
Event: 132.310 Thread 0x000001bb052ce800 DEOPT PACKING pc=0x000001bb725e75b0 sp=0x000000932fff9770
Event: 132.310 Thread 0x000001bb052ce800 DEOPT UNPACKING pc=0x000001bb6aa5a1af sp=0x000000932fff96f8 mode 2
Event: 132.353 Thread 0x000001bb05910800 DEOPT PACKING pc=0x000001bb6d35c5e2 sp=0x0000009334df9850
Event: 132.353 Thread 0x000001bb05910800 DEOPT UNPACKING pc=0x000001bb6aa5a95e sp=0x0000009334df9210 mode 0

Classes redefined (0 events):
No events

Internal exceptions (20 events):
Event: 125.059 Thread 0x000001bb0590a000 Exception <a 'java/lang/NoSuchMethodError'{0x000000008ab91ba0}: 'java.lang.Object java.lang.invoke.DirectMethodHandle$Holder.invokeStatic(java.lang.Object, int, java.lang.Object, java.lang.Object)'> (0x000000008ab91ba0) thrown at [./src/hotspot/share/interpreter/linkResolver.cpp, line 773]
Event: 126.506 Thread 0x000001bb05910800 Exception <a 'java/lang/IncompatibleClassChangeError'{0x0000000089a57828}: Found class java.lang.Object, but interface was expected> (0x0000000089a57828) thrown at [./src/hotspot/share/interpreter/linkResolver.cpp, line 839]
Event: 126.506 Thread 0x000001bb0590a000 Exception <a 'java/lang/IncompatibleClassChangeError'{0x0000000089a5d268}: Found class java.lang.Object, but interface was expected> (0x0000000089a5d268) thrown at [./src/hotspot/share/interpreter/linkResolver.cpp, line 839]
Event: 126.508 Thread 0x000001bb0590a000 Exception <a 'java/lang/IncompatibleClassChangeError'{0x0000000089a69160}: Found class java.lang.Object, but interface was expected> (0x0000000089a69160) thrown at [./src/hotspot/share/interpreter/linkResolver.cpp, line 839]
Event: 126.508 Thread 0x000001bb05910800 Exception <a 'java/lang/IncompatibleClassChangeError'{0x0000000089aa5590}: Found class java.lang.Object, but interface was expected> (0x0000000089aa5590) thrown at [./src/hotspot/share/interpreter/linkResolver.cpp, line 839]
Event: 126.703 Thread 0x000001bb07047800 Exception <a 'java/lang/NoSuchMethodError'{0x000000008b1dc050}: 'java.lang.Object java.lang.invoke.Invokers$Holder.linkToTargetMethod(java.lang.Object, int, java.lang.Object, java.lang.Object, java.lang.Object, java.lang.Object)'> (0x000000008b1dc050) thrown at [./src/hotspot/share/interpreter/linkResolver.cpp, line 773]
Event: 126.874 Thread 0x000001bb07047800 Exception <a 'java/lang/NoSuchMethodError'{0x000000008a836c70}: 'void java.lang.invoke.DirectMethodHandle$Holder.invokeStatic(java.lang.Object, java.lang.Object, java.lang.Object, java.lang.Object, java.lang.Object, java.lang.Object, java.lang.Object, java.lang.Object)'> (0x000000008a836c70) thrown at [./src/hotspot/share/interpreter/linkResolver.cpp, line 773]
Event: 127.443 Thread 0x000001bb0590a000 Exception <a 'java/lang/NoSuchMethodError'{0x000000008b39ae88}: 'void java.lang.invoke.DirectMethodHandle$Holder.invokeSpecial(java.lang.Object, java.lang.Object, int, java.lang.Object)'> (0x000000008b39ae88) thrown at [./src/hotspot/share/interpreter/linkResolver.cpp, line 773]
Event: 127.443 Thread 0x000001bb05910800 Exception <a 'java/lang/NoSuchMethodError'{0x000000008afefcd0}: 'void java.lang.invoke.DirectMethodHandle$Holder.invokeSpecial(java.lang.Object, java.lang.Object, int, java.lang.Object)'> (0x000000008afefcd0) thrown at [./src/hotspot/share/interpreter/linkResolver.cpp, line 773]
Event: 128.639 Thread 0x000001bb0b07a000 Exception <a 'java/lang/NoSuchMethodError'{0x000000008ad5bbf8}: 'int java.lang.invoke.DirectMethodHandle$Holder.invokeSpecial(java.lang.Object, java.lang.Object, java.lang.Object, int, java.lang.Object)'> (0x000000008ad5bbf8) thrown at [./src/hotspot/share/interpreter/linkResolver.cpp, line 773]
Event: 128.640 Thread 0x000001bb05910800 Exception <a 'java/lang/NoSuchMethodError'{0x000000008ad5e680}: 'int java.lang.invoke.DirectMethodHandle$Holder.invokeSpecial(java.lang.Object, java.lang.Object, java.lang.Object, int, java.lang.Object)'> (0x000000008ad5e680) thrown at [./src/hotspot/share/interpreter/linkResolver.cpp, line 773]
Event: 128.640 Thread 0x000001bb0590a000 Exception <a 'java/lang/NoSuchMethodError'{0x000000008ad04e80}: 'int java.lang.invoke.DirectMethodHandle$Holder.invokeSpecial(java.lang.Object, java.lang.Object, java.lang.Object, int, java.lang.Object)'> (0x000000008ad04e80) thrown at [./src/hotspot/share/interpreter/linkResolver.cpp, line 773]
Event: 128.925 Thread 0x000001bb07047800 Exception <a 'java/lang/NoSuchMethodError'{0x000000008b7ba530}: 'void java.lang.invoke.DirectMethodHandle$Holder.invokeSpecial(java.lang.Object, java.lang.Object, int)'> (0x000000008b7ba530) thrown at [./src/hotspot/share/interpreter/linkResolver.cpp, line 773]
Event: 129.168 Thread 0x000001bb0590a000 Exception <a 'java/lang/NoSuchMethodError'{0x000000008b2d2df0}: 'java.lang.Object java.lang.invoke.DirectMethodHandle$Holder.invokeInterface(java.lang.Object, java.lang.Object, int)'> (0x000000008b2d2df0) thrown at [./src/hotspot/share/interpreter/linkResolver.cpp, line 773]
Event: 129.235 Thread 0x000001bb07047800 Exception <a 'sun/nio/fs/WindowsException'{0x000000008b000e60}> (0x000000008b000e60) thrown at [./src/hotspot/share/prims/jni.cpp, line 616]
Event: 131.137 Thread 0x000001bb0b07a000 Exception <a 'java/lang/IncompatibleClassChangeError'{0x000000008d476b58}: Found class java.lang.Object, but interface was expected> (0x000000008d476b58) thrown at [./src/hotspot/share/interpreter/linkResolver.cpp, line 839]
Event: 131.260 Thread 0x000001bb0b07a000 Exception <a 'sun/nio/fs/WindowsException'{0x000000008ce90980}> (0x000000008ce90980) thrown at [./src/hotspot/share/prims/jni.cpp, line 616]
Event: 131.668 Thread 0x000001bb0704e800 Exception <a 'sun/nio/fs/WindowsException'{0x000000008d75a0c0}> (0x000000008d75a0c0) thrown at [./src/hotspot/share/prims/jni.cpp, line 616]
Event: 131.772 Thread 0x000001bb0704e800 Exception <a 'sun/nio/fs/WindowsException'{0x000000008cdc65a8}> (0x000000008cdc65a8) thrown at [./src/hotspot/share/prims/jni.cpp, line 616]
Event: 131.859 Thread 0x000001bb052ce800 Exception <a 'sun/nio/fs/WindowsException'{0x000000008c5202d0}> (0x000000008c5202d0) thrown at [./src/hotspot/share/prims/jni.cpp, line 616]

Events (20 events):
Event: 131.996 loading class com/android/tools/r8/internal/yr done
Event: 132.005 loading class com/android/tools/r8/internal/z
Event: 132.005 loading class com/android/tools/r8/internal/z done
Event: 132.006 loading class com/android/tools/r8/internal/pr
Event: 132.006 loading class com/android/tools/r8/internal/pr done
Event: 132.007 loading class com/android/tools/r8/internal/dr
Event: 132.007 loading class com/android/tools/r8/internal/dr done
Event: 132.116 loading class com/android/tools/r8/internal/or
Event: 132.116 loading class com/android/tools/r8/internal/or done
Event: 132.119 loading class com/android/tools/r8/internal/vr
Event: 132.119 loading class com/android/tools/r8/internal/vr done
Event: 132.123 loading class com/android/tools/r8/internal/rr
Event: 132.123 loading class com/android/tools/r8/internal/rr done
Event: 132.124 loading class com/android/tools/r8/internal/wr
Event: 132.124 loading class com/android/tools/r8/internal/wr done
Event: 132.126 loading class com/android/tools/r8/internal/ur
Event: 132.126 loading class com/android/tools/r8/internal/ur done
Event: 132.126 loading class com/android/tools/r8/internal/nr
Event: 132.126 loading class com/android/tools/r8/internal/nr done
Event: 132.502 Executing VM operation: G1CollectForAllocation


Dynamic libraries:
0x00007ff6dc0d0000 - 0x00007ff6dc0da000 	C:\Program Files\Android\Android Studio\jre\bin\java.exe
0x00007ffbf96c0000 - 0x00007ffbf98c9000 	C:\WINDOWS\SYSTEM32\ntdll.dll
0x00007ffbf8240000 - 0x00007ffbf82fe000 	C:\WINDOWS\System32\KERNEL32.DLL
0x00007ffbf7000000 - 0x00007ffbf737b000 	C:\WINDOWS\System32\KERNELBASE.dll
0x00007ffbf73b0000 - 0x00007ffbf74c1000 	C:\WINDOWS\System32\ucrtbase.dll
0x00007ffbdf960000 - 0x00007ffbdf979000 	C:\Program Files\Android\Android Studio\jre\bin\jli.dll
0x00007ffbdc0a0000 - 0x00007ffbdc0b7000 	C:\Program Files\Android\Android Studio\jre\bin\VCRUNTIME140.dll
0x00007ffbf9420000 - 0x00007ffbf95cd000 	C:\WINDOWS\System32\USER32.dll
0x00007ffbf7380000 - 0x00007ffbf73a6000 	C:\WINDOWS\System32\win32u.dll
0x00007ffbf89b0000 - 0x00007ffbf89d9000 	C:\WINDOWS\System32\GDI32.dll
0x00007ffbf6ee0000 - 0x00007ffbf6ff8000 	C:\WINDOWS\System32\gdi32full.dll
0x00007ffbf6d80000 - 0x00007ffbf6e1d000 	C:\WINDOWS\System32\msvcp_win.dll
0x00007ffbda1c0000 - 0x00007ffbda465000 	C:\WINDOWS\WinSxS\amd64_microsoft.windows.common-controls_6595b64144ccf1df_6.0.22000.120_none_9d947278b86cc467\COMCTL32.dll
0x00007ffbf95d0000 - 0x00007ffbf9673000 	C:\WINDOWS\System32\msvcrt.dll
0x00007ffbf91a0000 - 0x00007ffbf91d2000 	C:\WINDOWS\System32\IMM32.DLL
0x00007ffbb0b20000 - 0x00007ffbb0bbd000 	C:\Program Files\Android\Android Studio\jre\bin\msvcp140.dll
0x00007ffb4cc50000 - 0x00007ffb4d752000 	C:\Program Files\Android\Android Studio\jre\bin\server\jvm.dll
0x00007ffbf76a0000 - 0x00007ffbf774e000 	C:\WINDOWS\System32\ADVAPI32.dll
0x00007ffbf8680000 - 0x00007ffbf871e000 	C:\WINDOWS\System32\sechost.dll
0x00007ffbf92f0000 - 0x00007ffbf9410000 	C:\WINDOWS\System32\RPCRT4.dll
0x00007ffbf91e0000 - 0x00007ffbf91e8000 	C:\WINDOWS\System32\PSAPI.DLL
0x00007ffbcdad0000 - 0x00007ffbcdad9000 	C:\WINDOWS\SYSTEM32\WSOCK32.dll
0x00007ffbf3ef0000 - 0x00007ffbf3f23000 	C:\WINDOWS\SYSTEM32\WINMM.dll
0x00007ffbf8300000 - 0x00007ffbf836f000 	C:\WINDOWS\System32\WS2_32.dll
0x00007ffbef910000 - 0x00007ffbef91a000 	C:\WINDOWS\SYSTEM32\VERSION.dll
0x00007ffbf5bf0000 - 0x00007ffbf5c08000 	C:\WINDOWS\SYSTEM32\kernel.appcore.dll
0x00007ffbe0740000 - 0x00007ffbe0751000 	C:\Program Files\Android\Android Studio\jre\bin\verify.dll
0x00007ffbf3cc0000 - 0x00007ffbf3ee1000 	C:\WINDOWS\SYSTEM32\DBGHELP.DLL
0x00007ffbf3c80000 - 0x00007ffbf3cb1000 	C:\WINDOWS\SYSTEM32\dbgcore.DLL
0x00007ffbf6b90000 - 0x00007ffbf6c0f000 	C:\WINDOWS\System32\bcryptPrimitives.dll
0x00007ffbde810000 - 0x00007ffbde839000 	C:\Program Files\Android\Android Studio\jre\bin\java.dll
0x00007ffbecc40000 - 0x00007ffbecc4b000 	C:\Program Files\Android\Android Studio\jre\bin\jimage.dll
0x00007ffbdbef0000 - 0x00007ffbdbf08000 	C:\Program Files\Android\Android Studio\jre\bin\zip.dll
0x00007ffbf89e0000 - 0x00007ffbf9197000 	C:\WINDOWS\System32\SHELL32.dll
0x00007ffbf4c60000 - 0x00007ffbf54c5000 	C:\WINDOWS\SYSTEM32\windows.storage.dll
0x00007ffbf78a0000 - 0x00007ffbf7c18000 	C:\WINDOWS\System32\combase.dll
0x00007ffbf4af0000 - 0x00007ffbf4c56000 	C:\WINDOWS\SYSTEM32\wintypes.dll
0x00007ffbf8370000 - 0x00007ffbf845a000 	C:\WINDOWS\System32\SHCORE.dll
0x00007ffbf8460000 - 0x00007ffbf84bd000 	C:\WINDOWS\System32\shlwapi.dll
0x00007ffbf6ac0000 - 0x00007ffbf6ae1000 	C:\WINDOWS\SYSTEM32\profapi.dll
0x00007ffbdacf0000 - 0x00007ffbdad0a000 	C:\Program Files\Android\Android Studio\jre\bin\net.dll
0x00007ffbf14f0000 - 0x00007ffbf1604000 	C:\WINDOWS\SYSTEM32\WINHTTP.dll
0x00007ffbf6090000 - 0x00007ffbf60f7000 	C:\WINDOWS\system32\mswsock.dll
0x00007ffbd9a70000 - 0x00007ffbd9a84000 	C:\Program Files\Android\Android Studio\jre\bin\nio.dll
0x00007ffbe1d20000 - 0x00007ffbe1d47000 	C:\Users\snake\.gradle\native\e1d6ef7f7dcc3fd88c89a11ec53ec762bb8ba0a96d01ffa2cd45eb1d1d8dd5c5\windows-amd64\native-platform.dll
0x00007ffba93f0000 - 0x00007ffba9534000 	C:\Users\snake\.gradle\native\0d407fdbe67a94daf76414ababcb853783967236a71b16ec16e742cd7a986fd3\windows-amd64\native-platform-file-events.dll
0x00007ffbe1cb0000 - 0x00007ffbe1cba000 	C:\Program Files\Android\Android Studio\jre\bin\management.dll
0x00007ffbe0670000 - 0x00007ffbe067d000 	C:\Program Files\Android\Android Studio\jre\bin\management_ext.dll
0x00007ffbf62e0000 - 0x00007ffbf62f8000 	C:\WINDOWS\SYSTEM32\CRYPTSP.dll
0x00007ffbf5b50000 - 0x00007ffbf5b85000 	C:\WINDOWS\system32\rsaenh.dll
0x00007ffbf6180000 - 0x00007ffbf61a9000 	C:\WINDOWS\SYSTEM32\USERENV.dll
0x00007ffbf6460000 - 0x00007ffbf6487000 	C:\WINDOWS\SYSTEM32\bcrypt.dll
0x00007ffbf62d0000 - 0x00007ffbf62dc000 	C:\WINDOWS\SYSTEM32\CRYPTBASE.dll
0x00007ffbf5760000 - 0x00007ffbf578d000 	C:\WINDOWS\SYSTEM32\IPHLPAPI.DLL
0x00007ffbf8090000 - 0x00007ffbf8099000 	C:\WINDOWS\System32\NSI.dll
0x00007ffbf0720000 - 0x00007ffbf0739000 	C:\WINDOWS\SYSTEM32\dhcpcsvc6.DLL
0x00007ffbf0ae0000 - 0x00007ffbf0afe000 	C:\WINDOWS\SYSTEM32\dhcpcsvc.DLL
0x00007ffbf5790000 - 0x00007ffbf5878000 	C:\WINDOWS\SYSTEM32\DNSAPI.dll
0x00007ffbf5c10000 - 0x00007ffbf5c44000 	C:\WINDOWS\SYSTEM32\ntmarta.dll

dbghelp: loaded successfully - version: 4.0.5 - missing functions: none
symbol engine: initialized successfully - sym options: 0x614 - pdb path: .;C:\Program Files\Android\Android Studio\jre\bin;C:\WINDOWS\SYSTEM32;C:\WINDOWS\WinSxS\amd64_microsoft.windows.common-controls_6595b64144ccf1df_6.0.22000.120_none_9d947278b86cc467;C:\Program Files\Android\Android Studio\jre\bin\server;C:\Users\snake\.gradle\native\e1d6ef7f7dcc3fd88c89a11ec53ec762bb8ba0a96d01ffa2cd45eb1d1d8dd5c5\windows-amd64;C:\Users\snake\.gradle\native\0d407fdbe67a94daf76414ababcb853783967236a71b16ec16e742cd7a986fd3\windows-amd64

VM Arguments:
jvm_args: --add-opens=java.base/java.util=ALL-UNNAMED --add-opens=java.base/java.lang=ALL-UNNAMED --add-opens=java.base/java.lang.invoke=ALL-UNNAMED --add-opens=java.base/java.util=ALL-UNNAMED --add-opens=java.prefs/java.util.prefs=ALL-UNNAMED --add-opens=java.prefs/java.util.prefs=ALL-UNNAMED --add-opens=java.base/java.nio.charset=ALL-UNNAMED --add-opens=java.base/java.net=ALL-UNNAMED --add-opens=java.base/java.util.concurrent.atomic=ALL-UNNAMED -Xmx2048m -Dfile.encoding=UTF-8 -Duser.country=KR -Duser.language=ko -Duser.variant 
java_command: org.gradle.launcher.daemon.bootstrap.GradleDaemon 7.4
java_class_path (initial): C:\Users\snake\.gradle\wrapper\dists\gradle-7.4-bin\c0gwcg53nkjbqw7r0h0umtfvt\gradle-7.4\lib\gradle-launcher-7.4.jar
Launcher Type: SUN_STANDARD

[Global flags]
     intx CICompilerCount                          = 4                                         {product} {ergonomic}
     uint ConcGCThreads                            = 2                                         {product} {ergonomic}
     uint G1ConcRefinementThreads                  = 8                                         {product} {ergonomic}
   size_t G1HeapRegionSize                         = 1048576                                   {product} {ergonomic}
    uintx GCDrainStackTargetSize                   = 64                                        {product} {ergonomic}
   size_t InitialHeapSize                          = 132120576                                 {product} {ergonomic}
   size_t MarkStackSize                            = 4194304                                   {product} {ergonomic}
   size_t MaxHeapSize                              = 2147483648                                {product} {command line}
   size_t MaxNewSize                               = 1287651328                                {product} {ergonomic}
   size_t MinHeapDeltaBytes                        = 1048576                                   {product} {ergonomic}
    uintx NonNMethodCodeHeapSize                   = 5836300                                {pd product} {ergonomic}
    uintx NonProfiledCodeHeapSize                  = 122910970                              {pd product} {ergonomic}
    uintx ProfiledCodeHeapSize                     = 122910970                              {pd product} {ergonomic}
    uintx ReservedCodeCacheSize                    = 251658240                              {pd product} {ergonomic}
     bool SegmentedCodeCache                       = true                                      {product} {ergonomic}
     bool UseCompressedClassPointers               = true                                 {lp64_product} {ergonomic}
     bool UseCompressedOops                        = true                                 {lp64_product} {ergonomic}
     bool UseG1GC                                  = true                                      {product} {ergonomic}
     bool UseLargePagesIndividualAllocation        = false                                  {pd product} {ergonomic}

Logging:
Log output configuration:
 #0: stdout all=warning uptime,level,tags
 #1: stderr all=off uptime,level,tags

Environment Variables:
JAVA_HOME=C:\Program Files\Java\jdk1.8.0_202
PATH=C:\Windows\system32;C:\Windows;C:\Windows\System32\Wbem;C:\Windows\System32\WindowsPowerShell\v1.0\;C:\Windows\System32\OpenSSH\;C:\Program Files (x86)\NVIDIA Corporation\PhysX\Common;C:\Program Files\NVIDIA Corporation\NVIDIA NvDLISR;C:\WINDOWS\system32;C:\WINDOWS;C:\WINDOWS\System32\Wbem;C:\WINDOWS\System32\WindowsPowerShell\v1.0\;C:\WINDOWS\System32\OpenSSH\;C:\Program Files\Java\jdk1.8.0_202\bin;C:\Program Files\dotnet\;C:\Python\Scripts\;C:\Python\;C:\Users\snake\AppData\Local\Programs\Python\Python39\Scripts\;C:\Users\snake\AppData\Local\Programs\Python\Python39\;C:\Users\snake\AppData\Local\Microsoft\WindowsApps;;C:\Users\snake\AppData\Local\Programs\Microsoft VS Code\bin;C:\Program Files\JetBrains\PyCharm Community Edition 2021.3.2\bin;;C:\Users\snake\.dotnet\tools
USERNAME=snake
OS=Windows_NT
PROCESSOR_IDENTIFIER=Intel64 Family 6 Model 142 Stepping 12, GenuineIntel



---------------  S Y S T E M  ---------------

OS: Windows 11 , 64 bit Build 22000 (10.0.22000.1335)
OS uptime: 4 days 0:23 hours

CPU:total 8 (initial active 8) (4 cores per cpu, 2 threads per core) family 6 model 142 stepping 12 microcode 0xde, cmov, cx8, fxsr, mmx, sse, sse2, sse3, ssse3, sse4.1, sse4.2, popcnt, avx, avx2, aes, clmul, erms, 3dnowpref, lzcnt, ht, tsc, tscinvbit, bmi1, bmi2, adx, fma

Memory: 4k page, system-wide physical 7976M (193M free)
TotalPageFile size 14970M (AvailPageFile size 10M)
current process WorkingSet (physical memory assigned to process): 566M, peak: 571M
current process commit charge ("private bytes"): 638M, peak: 684M

vm_info: OpenJDK 64-Bit Server VM (11.0.13+0-b1751.21-8125866) for windows-amd64 JRE (11.0.13+0-b1751.21-8125866), built on Feb  2 2022 03:00:22 by "builder" with MS VC++ 14.0 (VS2015)

END.
